# gmm-init-model --write-occs=exp/tri2a/1.occs exp/tri2a/tree exp/tri2a/treeacc data/lang/topo exp/tri2a/1.mdl 
# Started at Mon Nov 27 21:04:47 EST 2017
#
gmm-init-model --write-occs=exp/tri2a/1.occs exp/tri2a/tree exp/tri2a/treeacc data/lang/topo exp/tri2a/1.mdl 
LOG (gmm-init-model[5.3.1~1-39c8d]:main():gmm-init-model.cc:271) Number of separate statistics is 401
WARNING (gmm-init-model[5.3.1~1-39c8d]:InitAmGmm():gmm-init-model.cc:55) Tree has pdf-id 1 with no stats; corresponding phone list: 6 7 8 9 10 
WARNING (gmm-init-model[5.3.1~1-39c8d]:InitAmGmm():gmm-init-model.cc:83) Very small count for state 6: 47; corresponding phone list: 27 28 29 30 
WARNING (gmm-init-model[5.3.1~1-39c8d]:InitAmGmm():gmm-init-model.cc:83) Very small count for state 8: 37; corresponding phone list: 35 36 37 38 
WARNING (gmm-init-model[5.3.1~1-39c8d]:InitAmGmm():gmm-init-model.cc:83) Very small count for state 12: 92; corresponding phone list: 51 52 53 54 
WARNING (gmm-init-model[5.3.1~1-39c8d]:InitAmGmm():gmm-init-model.cc:83) Very small count for state 15: 78; corresponding phone list: 63 64 65 66 
WARNING (gmm-init-model[5.3.1~1-39c8d]:InitAmGmm():gmm-init-model.cc:83) Very small count for state 16: 69; corresponding phone list: 67 68 69 70 
WARNING (gmm-init-model[5.3.1~1-39c8d]:InitAmGmm():gmm-init-model.cc:83) Very small count for state 29: 27; corresponding phone list: 87 88 89 90 
WARNING (gmm-init-model[5.3.1~1-39c8d]:InitAmGmm():gmm-init-model.cc:83) Very small count for state 36: 57; corresponding phone list: 35 36 37 38 
WARNING (gmm-init-model[5.3.1~1-39c8d]:InitAmGmm():gmm-init-model.cc:83) Very small count for state 46: 43; corresponding phone list: 59 60 61 62 
WARNING (gmm-init-model[5.3.1~1-39c8d]:InitAmGmm():gmm-init-model.cc:83) Very small count for state 47: 28; corresponding phone list: 31 32 33 34 
WARNING (gmm-init-model[5.3.1~1-39c8d]:InitAmGmm():gmm-init-model.cc:83) Very small count for state 48: 34; corresponding phone list: 59 60 61 62 
WARNING (gmm-init-model[5.3.1~1-39c8d]:InitAmGmm():gmm-init-model.cc:83) Very small count for state 51: 62; corresponding phone list: 43 44 45 46 
WARNING (gmm-init-model[5.3.1~1-39c8d]:InitAmGmm():gmm-init-model.cc:83) Very small count for state 61: 34; corresponding phone list: 51 52 53 54 
WARNING (gmm-init-model[5.3.1~1-39c8d]:InitAmGmm():gmm-init-model.cc:83) Very small count for state 66: 91; corresponding phone list: 83 84 85 86 
WARNING (gmm-init-model[5.3.1~1-39c8d]:InitAmGmm():gmm-init-model.cc:83) Very small count for state 67: 31; corresponding phone list: 87 88 89 90 
WARNING (gmm-init-model[5.3.1~1-39c8d]:InitAmGmm():gmm-init-model.cc:83) Very small count for state 73: 18; corresponding phone list: 55 56 57 58 
WARNING (gmm-init-model[5.3.1~1-39c8d]:InitAmGmm():gmm-init-model.cc:83) Very small count for state 78: 29; corresponding phone list: 59 60 61 62 
WARNING (gmm-init-model[5.3.1~1-39c8d]:InitAmGmm():gmm-init-model.cc:83) Very small count for state 80: 30; corresponding phone list: 35 36 37 38 
WARNING (gmm-init-model[5.3.1~1-39c8d]:InitAmGmm():gmm-init-model.cc:83) Very small count for state 85: 86; corresponding phone list: 55 56 57 58 
WARNING (gmm-init-model[5.3.1~1-39c8d]:InitAmGmm():gmm-init-model.cc:83) Very small count for state 90: 56; corresponding phone list: 59 60 61 62 
LOG (gmm-init-model[5.3.1~1-39c8d]:main():gmm-init-model.cc:306) Wrote model.
# Accounting: time=0 threads=1
# Ended (code 0) at Mon Nov 27 21:04:47 EST 2017, elapsed time 0 seconds
