# gmm-est --mix-up=12000 --power=0.25 --write-occs=exp/tri2a/21.occs exp/tri2a/20.mdl "gmm-sum-accs - exp/tri2a/20.*.acc |" exp/tri2a/21.mdl 
# Started at Mon Nov 27 21:05:21 EST 2017
#
gmm-est --mix-up=12000 --power=0.25 --write-occs=exp/tri2a/21.occs exp/tri2a/20.mdl 'gmm-sum-accs - exp/tri2a/20.*.acc |' exp/tri2a/21.mdl 
gmm-sum-accs - exp/tri2a/20.1.acc 
LOG (gmm-sum-accs[5.3.1~1-39c8d]:main():gmm-sum-accs.cc:63) Summed 1 stats, total count 34969, avg like/frame -75.6189
LOG (gmm-sum-accs[5.3.1~1-39c8d]:main():gmm-sum-accs.cc:66) Total count of stats is 34969
LOG (gmm-sum-accs[5.3.1~1-39c8d]:main():gmm-sum-accs.cc:67) Written stats to -
LOG (gmm-est[5.3.1~1-39c8d]:MleUpdate():transition-model.cc:517) TransitionModel::Update, objf change is 4.71155e-06 per frame over 34969 frames. 
LOG (gmm-est[5.3.1~1-39c8d]:MleUpdate():transition-model.cc:520) 18 probabilities floored, 340 out of 458 transition-states skipped due to insuffient data (it is normal to have some skipped.)
LOG (gmm-est[5.3.1~1-39c8d]:main():gmm-est.cc:102) Transition model update: Overall 4.71155e-06 log-like improvement per frame over 34969 frames.
WARNING (gmm-est[5.3.1~1-39c8d]:MleDiagGmmUpdate():mle-diag-gmm.cc:365) Gaussian has too little data but not removing it because it is the last Gaussian: i = 0, occ = 0, weight = 1
LOG (gmm-est[5.3.1~1-39c8d]:MleAmDiagGmmUpdate():mle-am-diag-gmm.cc:225) 0 variance elements floored in 0 Gaussians, out of 1705
LOG (gmm-est[5.3.1~1-39c8d]:MleAmDiagGmmUpdate():mle-am-diag-gmm.cc:229) Removed 0 Gaussians due to counts < --min-gaussian-occupancy=10 and --remove-low-count-gaussians=true
LOG (gmm-est[5.3.1~1-39c8d]:main():gmm-est.cc:113) GMM update: Overall 0.0201466 objective function improvement per frame over 34969 frames
LOG (gmm-est[5.3.1~1-39c8d]:main():gmm-est.cc:116) GMM update: Overall avg like per frame = -75.6189 over 34969 frames.
WARNING (gmm-est[5.3.1~1-39c8d]:GetSplitTargets():model-common.cc:134) Could not split up to 12000 due to min-count = 20 (or no counts at all)
LOG (gmm-est[5.3.1~1-39c8d]:SplitByCount():am-diag-gmm.cc:116) Split 94 states with target = 12000, power = 0.25, perturb_factor = 0.01 and min_count = 20, split #Gauss from 1705 to 1706
LOG (gmm-est[5.3.1~1-39c8d]:main():gmm-est.cc:146) Written model to exp/tri2a/21.mdl
# Accounting: time=0 threads=1
# Ended (code 0) at Mon Nov 27 21:05:21 EST 2017, elapsed time 0 seconds
