# gmm-est --mix-up=3500 --power=0.25 --write-occs=exp/tri2a/4.occs exp/tri2a/3.mdl "gmm-sum-accs - exp/tri2a/3.*.acc |" exp/tri2a/4.mdl 
# Started at Mon Nov 27 21:04:52 EST 2017
#
gmm-est --mix-up=3500 --power=0.25 --write-occs=exp/tri2a/4.occs exp/tri2a/3.mdl 'gmm-sum-accs - exp/tri2a/3.*.acc |' exp/tri2a/4.mdl 
gmm-sum-accs - exp/tri2a/3.1.acc 
LOG (gmm-sum-accs[5.3.1~1-39c8d]:main():gmm-sum-accs.cc:63) Summed 1 stats, total count 34969, avg like/frame -83.5133
LOG (gmm-sum-accs[5.3.1~1-39c8d]:main():gmm-sum-accs.cc:66) Total count of stats is 34969
LOG (gmm-sum-accs[5.3.1~1-39c8d]:main():gmm-sum-accs.cc:67) Written stats to -
LOG (gmm-est[5.3.1~1-39c8d]:MleUpdate():transition-model.cc:517) TransitionModel::Update, objf change is 0 per frame over 34969 frames. 
LOG (gmm-est[5.3.1~1-39c8d]:MleUpdate():transition-model.cc:520) 16 probabilities floored, 341 out of 458 transition-states skipped due to insuffient data (it is normal to have some skipped.)
LOG (gmm-est[5.3.1~1-39c8d]:main():gmm-est.cc:102) Transition model update: Overall 0 log-like improvement per frame over 34969 frames.
WARNING (gmm-est[5.3.1~1-39c8d]:MleDiagGmmUpdate():mle-diag-gmm.cc:359) Too little data - removing Gaussian (weight 0.002238, occupation count 2.509114, vector size 39)
WARNING (gmm-est[5.3.1~1-39c8d]:MleDiagGmmUpdate():mle-diag-gmm.cc:359) Too little data - removing Gaussian (weight 0.003018, occupation count 3.383626, vector size 39)
WARNING (gmm-est[5.3.1~1-39c8d]:MleDiagGmmUpdate():mle-diag-gmm.cc:359) Too little data - removing Gaussian (weight 0.002703, occupation count 3.029817, vector size 39)
WARNING (gmm-est[5.3.1~1-39c8d]:MleDiagGmmUpdate():mle-diag-gmm.cc:359) Too little data - removing Gaussian (weight 0.007275, occupation count 8.155219, vector size 39)
WARNING (gmm-est[5.3.1~1-39c8d]:MleDiagGmmUpdate():mle-diag-gmm.cc:359) Too little data - removing Gaussian (weight 0.000778, occupation count 0.872312, vector size 39)
WARNING (gmm-est[5.3.1~1-39c8d]:MleDiagGmmUpdate():mle-diag-gmm.cc:359) Too little data - removing Gaussian (weight 0.004301, occupation count 4.821416, vector size 39)
WARNING (gmm-est[5.3.1~1-39c8d]:MleDiagGmmUpdate():mle-diag-gmm.cc:359) Too little data - removing Gaussian (weight 0.003331, occupation count 3.734068, vector size 39)
WARNING (gmm-est[5.3.1~1-39c8d]:MleDiagGmmUpdate():mle-diag-gmm.cc:359) Too little data - removing Gaussian (weight 0.001309, occupation count 1.467709, vector size 39)
WARNING (gmm-est[5.3.1~1-39c8d]:MleDiagGmmUpdate():mle-diag-gmm.cc:359) Too little data - removing Gaussian (weight 0.003224, occupation count 3.614047, vector size 39)
WARNING (gmm-est[5.3.1~1-39c8d]:MleDiagGmmUpdate():mle-diag-gmm.cc:359) Too little data - removing Gaussian (weight 0.002080, occupation count 2.331836, vector size 39)
WARNING (gmm-est[5.3.1~1-39c8d]:MleDiagGmmUpdate():mle-diag-gmm.cc:359) Too little data - removing Gaussian (weight 0.005657, occupation count 6.341354, vector size 39)
WARNING (gmm-est[5.3.1~1-39c8d]:MleDiagGmmUpdate():mle-diag-gmm.cc:359) Too little data - removing Gaussian (weight 0.005741, occupation count 6.435718, vector size 39)
WARNING (gmm-est[5.3.1~1-39c8d]:MleDiagGmmUpdate():mle-diag-gmm.cc:359) Too little data - removing Gaussian (weight 0.004364, occupation count 4.891880, vector size 39)
WARNING (gmm-est[5.3.1~1-39c8d]:MleDiagGmmUpdate():mle-diag-gmm.cc:359) Too little data - removing Gaussian (weight 0.004839, occupation count 5.424206, vector size 39)
WARNING (gmm-est[5.3.1~1-39c8d]:MleDiagGmmUpdate():mle-diag-gmm.cc:359) Too little data - removing Gaussian (weight 0.006212, occupation count 6.964057, vector size 39)
WARNING (gmm-est[5.3.1~1-39c8d]:MleDiagGmmUpdate():mle-diag-gmm.cc:359) Too little data - removing Gaussian (weight 0.005277, occupation count 5.915833, vector size 39)
WARNING (gmm-est[5.3.1~1-39c8d]:MleDiagGmmUpdate():mle-diag-gmm.cc:359) Too little data - removing Gaussian (weight 0.005945, occupation count 6.664319, vector size 39)
WARNING (gmm-est[5.3.1~1-39c8d]:MleDiagGmmUpdate():mle-diag-gmm.cc:359) Too little data - removing Gaussian (weight 0.003476, occupation count 3.896631, vector size 39)
WARNING (gmm-est[5.3.1~1-39c8d]:MleDiagGmmUpdate():mle-diag-gmm.cc:359) Too little data - removing Gaussian (weight 0.001804, occupation count 2.021886, vector size 39)
WARNING (gmm-est[5.3.1~1-39c8d]:MleDiagGmmUpdate():mle-diag-gmm.cc:359) Too little data - removing Gaussian (weight 0.003127, occupation count 3.505844, vector size 39)
WARNING (gmm-est[5.3.1~1-39c8d]:MleDiagGmmUpdate():mle-diag-gmm.cc:359) Too little data - removing Gaussian (weight 0.003746, occupation count 4.199727, vector size 39)
WARNING (gmm-est[5.3.1~1-39c8d]:MleDiagGmmUpdate():mle-diag-gmm.cc:359) Too little data - removing Gaussian (weight 0.005033, occupation count 5.642315, vector size 39)
WARNING (gmm-est[5.3.1~1-39c8d]:MleDiagGmmUpdate():mle-diag-gmm.cc:359) Too little data - removing Gaussian (weight 0.001979, occupation count 2.218846, vector size 39)
WARNING (gmm-est[5.3.1~1-39c8d]:MleDiagGmmUpdate():mle-diag-gmm.cc:359) Too little data - removing Gaussian (weight 0.000855, occupation count 0.958074, vector size 39)
WARNING (gmm-est[5.3.1~1-39c8d]:MleDiagGmmUpdate():mle-diag-gmm.cc:359) Too little data - removing Gaussian (weight 0.002142, occupation count 2.401310, vector size 39)
WARNING (gmm-est[5.3.1~1-39c8d]:MleDiagGmmUpdate():mle-diag-gmm.cc:359) Too little data - removing Gaussian (weight 0.003612, occupation count 4.048520, vector size 39)
WARNING (gmm-est[5.3.1~1-39c8d]:MleDiagGmmUpdate():mle-diag-gmm.cc:365) Gaussian has too little data but not removing it because it is the last Gaussian: i = 0, occ = 0, weight = 1
WARNING (gmm-est[5.3.1~1-39c8d]:MleDiagGmmUpdate():mle-diag-gmm.cc:359) Too little data - removing Gaussian (weight 0.057405, occupation count 8.381130, vector size 39)
WARNING (gmm-est[5.3.1~1-39c8d]:MleDiagGmmUpdate():mle-diag-gmm.cc:359) Too little data - removing Gaussian (weight 0.027900, occupation count 7.756085, vector size 39)
WARNING (gmm-est[5.3.1~1-39c8d]:MleDiagGmmUpdate():mle-diag-gmm.cc:359) Too little data - removing Gaussian (weight 0.026109, occupation count 9.164230, vector size 39)
WARNING (gmm-est[5.3.1~1-39c8d]:MleDiagGmmUpdate():mle-diag-gmm.cc:359) Too little data - removing Gaussian (weight 0.027012, occupation count 9.481145, vector size 39)
WARNING (gmm-est[5.3.1~1-39c8d]:MleDiagGmmUpdate():mle-diag-gmm.cc:359) Too little data - removing Gaussian (weight 0.029068, occupation count 9.621587, vector size 39)
WARNING (gmm-est[5.3.1~1-39c8d]:MleDiagGmmUpdate():mle-diag-gmm.cc:359) Too little data - removing Gaussian (weight 0.023750, occupation count 8.977312, vector size 39)
WARNING (gmm-est[5.3.1~1-39c8d]:MleDiagGmmUpdate():mle-diag-gmm.cc:359) Too little data - removing Gaussian (weight 0.005187, occupation count 7.401476, vector size 39)
WARNING (gmm-est[5.3.1~1-39c8d]:MleDiagGmmUpdate():mle-diag-gmm.cc:359) Too little data - removing Gaussian (weight 0.006755, occupation count 9.639447, vector size 39)
WARNING (gmm-est[5.3.1~1-39c8d]:MleDiagGmmUpdate():mle-diag-gmm.cc:359) Too little data - removing Gaussian (weight 0.006446, occupation count 9.198209, vector size 39)
WARNING (gmm-est[5.3.1~1-39c8d]:MleDiagGmmUpdate():mle-diag-gmm.cc:359) Too little data - removing Gaussian (weight 0.004967, occupation count 7.088496, vector size 39)
WARNING (gmm-est[5.3.1~1-39c8d]:MleDiagGmmUpdate():mle-diag-gmm.cc:359) Too little data - removing Gaussian (weight 0.005923, occupation count 8.451470, vector size 39)
WARNING (gmm-est[5.3.1~1-39c8d]:MleDiagGmmUpdate():mle-diag-gmm.cc:359) Too little data - removing Gaussian (weight 0.005452, occupation count 7.779866, vector size 39)
WARNING (gmm-est[5.3.1~1-39c8d]:MleDiagGmmUpdate():mle-diag-gmm.cc:359) Too little data - removing Gaussian (weight 0.005144, occupation count 7.340222, vector size 39)
WARNING (gmm-est[5.3.1~1-39c8d]:MleDiagGmmUpdate():mle-diag-gmm.cc:359) Too little data - removing Gaussian (weight 0.006974, occupation count 6.136759, vector size 39)
WARNING (gmm-est[5.3.1~1-39c8d]:MleDiagGmmUpdate():mle-diag-gmm.cc:359) Too little data - removing Gaussian (weight 0.008307, occupation count 7.309950, vector size 39)
WARNING (gmm-est[5.3.1~1-39c8d]:MleDiagGmmUpdate():mle-diag-gmm.cc:359) Too little data - removing Gaussian (weight 0.007756, occupation count 6.825138, vector size 39)
WARNING (gmm-est[5.3.1~1-39c8d]:MleDiagGmmUpdate():mle-diag-gmm.cc:359) Too little data - removing Gaussian (weight 0.007951, occupation count 6.997019, vector size 39)
WARNING (gmm-est[5.3.1~1-39c8d]:MleDiagGmmUpdate():mle-diag-gmm.cc:359) Too little data - removing Gaussian (weight 0.010989, occupation count 9.670103, vector size 39)
WARNING (gmm-est[5.3.1~1-39c8d]:MleDiagGmmUpdate():mle-diag-gmm.cc:359) Too little data - removing Gaussian (weight 0.006530, occupation count 5.746385, vector size 39)
WARNING (gmm-est[5.3.1~1-39c8d]:MleDiagGmmUpdate():mle-diag-gmm.cc:359) Too little data - removing Gaussian (weight 0.004776, occupation count 4.202662, vector size 39)
WARNING (gmm-est[5.3.1~1-39c8d]:MleDiagGmmUpdate():mle-diag-gmm.cc:359) Too little data - removing Gaussian (weight 0.007333, occupation count 6.453150, vector size 39)
WARNING (gmm-est[5.3.1~1-39c8d]:MleDiagGmmUpdate():mle-diag-gmm.cc:359) Too little data - removing Gaussian (weight 0.006135, occupation count 5.399215, vector size 39)
WARNING (gmm-est[5.3.1~1-39c8d]:MleDiagGmmUpdate():mle-diag-gmm.cc:359) Too little data - removing Gaussian (weight 0.010739, occupation count 9.450192, vector size 39)
WARNING (gmm-est[5.3.1~1-39c8d]:MleDiagGmmUpdate():mle-diag-gmm.cc:359) Too little data - removing Gaussian (weight 0.011098, occupation count 9.766531, vector size 39)
WARNING (gmm-est[5.3.1~1-39c8d]:MleDiagGmmUpdate():mle-diag-gmm.cc:359) Too little data - removing Gaussian (weight 0.011262, occupation count 9.910398, vector size 39)
WARNING (gmm-est[5.3.1~1-39c8d]:MleDiagGmmUpdate():mle-diag-gmm.cc:359) Too little data - removing Gaussian (weight 0.010288, occupation count 9.053260, vector size 39)
WARNING (gmm-est[5.3.1~1-39c8d]:MleDiagGmmUpdate():mle-diag-gmm.cc:359) Too little data - removing Gaussian (weight 0.005405, occupation count 4.756799, vector size 39)
WARNING (gmm-est[5.3.1~1-39c8d]:MleDiagGmmUpdate():mle-diag-gmm.cc:359) Too little data - removing Gaussian (weight 0.011123, occupation count 9.788309, vector size 39)
WARNING (gmm-est[5.3.1~1-39c8d]:MleDiagGmmUpdate():mle-diag-gmm.cc:359) Too little data - removing Gaussian (weight 0.010141, occupation count 8.923802, vector size 39)
WARNING (gmm-est[5.3.1~1-39c8d]:MleDiagGmmUpdate():mle-diag-gmm.cc:359) Too little data - removing Gaussian (weight 0.007101, occupation count 6.249008, vector size 39)
WARNING (gmm-est[5.3.1~1-39c8d]:MleDiagGmmUpdate():mle-diag-gmm.cc:359) Too little data - removing Gaussian (weight 0.008637, occupation count 7.600462, vector size 39)
WARNING (gmm-est[5.3.1~1-39c8d]:MleDiagGmmUpdate():mle-diag-gmm.cc:359) Too little data - removing Gaussian (weight 0.003927, occupation count 3.455426, vector size 39)
WARNING (gmm-est[5.3.1~1-39c8d]:MleDiagGmmUpdate():mle-diag-gmm.cc:359) Too little data - removing Gaussian (weight 0.009110, occupation count 8.016405, vector size 39)
WARNING (gmm-est[5.3.1~1-39c8d]:MleDiagGmmUpdate():mle-diag-gmm.cc:359) Too little data - removing Gaussian (weight 0.016925, occupation count 8.970475, vector size 39)
WARNING (gmm-est[5.3.1~1-39c8d]:MleDiagGmmUpdate():mle-diag-gmm.cc:359) Too little data - removing Gaussian (weight 0.015455, occupation count 8.191245, vector size 39)
WARNING (gmm-est[5.3.1~1-39c8d]:MleDiagGmmUpdate():mle-diag-gmm.cc:359) Too little data - removing Gaussian (weight 0.017205, occupation count 9.118801, vector size 39)
WARNING (gmm-est[5.3.1~1-39c8d]:MleDiagGmmUpdate():mle-diag-gmm.cc:359) Too little data - removing Gaussian (weight 0.017097, occupation count 9.061328, vector size 39)
WARNING (gmm-est[5.3.1~1-39c8d]:MleDiagGmmUpdate():mle-diag-gmm.cc:359) Too little data - removing Gaussian (weight 0.016264, occupation count 8.619809, vector size 39)
WARNING (gmm-est[5.3.1~1-39c8d]:MleDiagGmmUpdate():mle-diag-gmm.cc:359) Too little data - removing Gaussian (weight 0.017688, occupation count 9.374902, vector size 39)
WARNING (gmm-est[5.3.1~1-39c8d]:MleDiagGmmUpdate():mle-diag-gmm.cc:359) Too little data - removing Gaussian (weight 0.015711, occupation count 8.326586, vector size 39)
WARNING (gmm-est[5.3.1~1-39c8d]:MleDiagGmmUpdate():mle-diag-gmm.cc:359) Too little data - removing Gaussian (weight 0.045416, occupation count 8.129435, vector size 39)
WARNING (gmm-est[5.3.1~1-39c8d]:MleDiagGmmUpdate():mle-diag-gmm.cc:359) Too little data - removing Gaussian (weight 0.055485, occupation count 9.931780, vector size 39)
WARNING (gmm-est[5.3.1~1-39c8d]:MleDiagGmmUpdate():mle-diag-gmm.cc:359) Too little data - removing Gaussian (weight 0.010280, occupation count 6.723391, vector size 39)
WARNING (gmm-est[5.3.1~1-39c8d]:MleDiagGmmUpdate():mle-diag-gmm.cc:359) Too little data - removing Gaussian (weight 0.011134, occupation count 7.281451, vector size 39)
WARNING (gmm-est[5.3.1~1-39c8d]:MleDiagGmmUpdate():mle-diag-gmm.cc:359) Too little data - removing Gaussian (weight 0.010721, occupation count 7.011634, vector size 39)
WARNING (gmm-est[5.3.1~1-39c8d]:MleDiagGmmUpdate():mle-diag-gmm.cc:359) Too little data - removing Gaussian (weight 0.011951, occupation count 7.816014, vector size 39)
WARNING (gmm-est[5.3.1~1-39c8d]:MleDiagGmmUpdate():mle-diag-gmm.cc:359) Too little data - removing Gaussian (weight 0.011778, occupation count 7.703002, vector size 39)
WARNING (gmm-est[5.3.1~1-39c8d]:MleDiagGmmUpdate():mle-diag-gmm.cc:359) Too little data - removing Gaussian (weight 0.051450, occupation count 6.739945, vector size 39)
WARNING (gmm-est[5.3.1~1-39c8d]:MleDiagGmmUpdate():mle-diag-gmm.cc:359) Too little data - removing Gaussian (weight 0.052413, occupation count 6.866151, vector size 39)
WARNING (gmm-est[5.3.1~1-39c8d]:MleDiagGmmUpdate():mle-diag-gmm.cc:359) Too little data - removing Gaussian (weight 0.015252, occupation count 9.761199, vector size 39)
WARNING (gmm-est[5.3.1~1-39c8d]:MleDiagGmmUpdate():mle-diag-gmm.cc:359) Too little data - removing Gaussian (weight 0.013323, occupation count 8.526488, vector size 39)
WARNING (gmm-est[5.3.1~1-39c8d]:MleDiagGmmUpdate():mle-diag-gmm.cc:359) Too little data - removing Gaussian (weight 0.008122, occupation count 5.197827, vector size 39)
WARNING (gmm-est[5.3.1~1-39c8d]:MleDiagGmmUpdate():mle-diag-gmm.cc:359) Too little data - removing Gaussian (weight 0.009616, occupation count 6.154055, vector size 39)
WARNING (gmm-est[5.3.1~1-39c8d]:MleDiagGmmUpdate():mle-diag-gmm.cc:359) Too little data - removing Gaussian (weight 0.010433, occupation count 6.677203, vector size 39)
WARNING (gmm-est[5.3.1~1-39c8d]:MleDiagGmmUpdate():mle-diag-gmm.cc:359) Too little data - removing Gaussian (weight 0.009419, occupation count 6.028283, vector size 39)
WARNING (gmm-est[5.3.1~1-39c8d]:MleDiagGmmUpdate():mle-diag-gmm.cc:359) Too little data - removing Gaussian (weight 0.010541, occupation count 6.746412, vector size 39)
WARNING (gmm-est[5.3.1~1-39c8d]:MleDiagGmmUpdate():mle-diag-gmm.cc:359) Too little data - removing Gaussian (weight 0.012390, occupation count 7.929388, vector size 39)
WARNING (gmm-est[5.3.1~1-39c8d]:MleDiagGmmUpdate():mle-diag-gmm.cc:359) Too little data - removing Gaussian (weight 0.009802, occupation count 6.273248, vector size 39)
WARNING (gmm-est[5.3.1~1-39c8d]:MleDiagGmmUpdate():mle-diag-gmm.cc:359) Too little data - removing Gaussian (weight 0.014376, occupation count 9.200561, vector size 39)
WARNING (gmm-est[5.3.1~1-39c8d]:MleDiagGmmUpdate():mle-diag-gmm.cc:359) Too little data - removing Gaussian (weight 0.032100, occupation count 7.736012, vector size 39)
WARNING (gmm-est[5.3.1~1-39c8d]:MleDiagGmmUpdate():mle-diag-gmm.cc:359) Too little data - removing Gaussian (weight 0.023110, occupation count 5.569577, vector size 39)
WARNING (gmm-est[5.3.1~1-39c8d]:MleDiagGmmUpdate():mle-diag-gmm.cc:359) Too little data - removing Gaussian (weight 0.007649, occupation count 1.843297, vector size 39)
WARNING (gmm-est[5.3.1~1-39c8d]:MleDiagGmmUpdate():mle-diag-gmm.cc:359) Too little data - removing Gaussian (weight 0.024096, occupation count 5.807253, vector size 39)
WARNING (gmm-est[5.3.1~1-39c8d]:MleDiagGmmUpdate():mle-diag-gmm.cc:359) Too little data - removing Gaussian (weight 0.017533, occupation count 4.225474, vector size 39)
WARNING (gmm-est[5.3.1~1-39c8d]:MleDiagGmmUpdate():mle-diag-gmm.cc:359) Too little data - removing Gaussian (weight 0.010673, occupation count 2.572074, vector size 39)
WARNING (gmm-est[5.3.1~1-39c8d]:MleDiagGmmUpdate():mle-diag-gmm.cc:359) Too little data - removing Gaussian (weight 0.036293, occupation count 6.750518, vector size 39)
WARNING (gmm-est[5.3.1~1-39c8d]:MleDiagGmmUpdate():mle-diag-gmm.cc:359) Too little data - removing Gaussian (weight 0.031273, occupation count 5.816747, vector size 39)
WARNING (gmm-est[5.3.1~1-39c8d]:MleDiagGmmUpdate():mle-diag-gmm.cc:359) Too little data - removing Gaussian (weight 0.017155, occupation count 9.246812, vector size 39)
WARNING (gmm-est[5.3.1~1-39c8d]:MleDiagGmmUpdate():mle-diag-gmm.cc:359) Too little data - removing Gaussian (weight 0.050594, occupation count 6.880802, vector size 39)
WARNING (gmm-est[5.3.1~1-39c8d]:MleDiagGmmUpdate():mle-diag-gmm.cc:359) Too little data - removing Gaussian (weight 0.022858, occupation count 9.440374, vector size 39)
WARNING (gmm-est[5.3.1~1-39c8d]:MleDiagGmmUpdate():mle-diag-gmm.cc:359) Too little data - removing Gaussian (weight 0.018121, occupation count 7.483971, vector size 39)
WARNING (gmm-est[5.3.1~1-39c8d]:MleDiagGmmUpdate():mle-diag-gmm.cc:359) Too little data - removing Gaussian (weight 0.040834, occupation count 8.860984, vector size 39)
WARNING (gmm-est[5.3.1~1-39c8d]:MleDiagGmmUpdate():mle-diag-gmm.cc:359) Too little data - removing Gaussian (weight 0.030049, occupation count 6.520530, vector size 39)
WARNING (gmm-est[5.3.1~1-39c8d]:MleDiagGmmUpdate():mle-diag-gmm.cc:359) Too little data - removing Gaussian (weight 0.052728, occupation count 9.807456, vector size 39)
WARNING (gmm-est[5.3.1~1-39c8d]:MleDiagGmmUpdate():mle-diag-gmm.cc:359) Too little data - removing Gaussian (weight 0.034650, occupation count 6.444861, vector size 39)
WARNING (gmm-est[5.3.1~1-39c8d]:MleDiagGmmUpdate():mle-diag-gmm.cc:359) Too little data - removing Gaussian (weight 0.158306, occupation count 9.814972, vector size 39)
WARNING (gmm-est[5.3.1~1-39c8d]:MleDiagGmmUpdate():mle-diag-gmm.cc:359) Too little data - removing Gaussian (weight 0.042775, occupation count 7.442935, vector size 39)
WARNING (gmm-est[5.3.1~1-39c8d]:MleDiagGmmUpdate():mle-diag-gmm.cc:359) Too little data - removing Gaussian (weight 0.043027, occupation count 7.486689, vector size 39)
WARNING (gmm-est[5.3.1~1-39c8d]:MleDiagGmmUpdate():mle-diag-gmm.cc:359) Too little data - removing Gaussian (weight 0.044175, occupation count 9.144292, vector size 39)
WARNING (gmm-est[5.3.1~1-39c8d]:MleDiagGmmUpdate():mle-diag-gmm.cc:359) Too little data - removing Gaussian (weight 0.046303, occupation count 9.584704, vector size 39)
WARNING (gmm-est[5.3.1~1-39c8d]:MleDiagGmmUpdate():mle-diag-gmm.cc:359) Too little data - removing Gaussian (weight 0.021910, occupation count 8.260198, vector size 39)
WARNING (gmm-est[5.3.1~1-39c8d]:MleDiagGmmUpdate():mle-diag-gmm.cc:359) Too little data - removing Gaussian (weight 0.045078, occupation count 7.753409, vector size 39)
WARNING (gmm-est[5.3.1~1-39c8d]:MleDiagGmmUpdate():mle-diag-gmm.cc:359) Too little data - removing Gaussian (weight 0.025896, occupation count 4.998018, vector size 39)
WARNING (gmm-est[5.3.1~1-39c8d]:MleDiagGmmUpdate():mle-diag-gmm.cc:359) Too little data - removing Gaussian (weight 0.037779, occupation count 7.291400, vector size 39)
WARNING (gmm-est[5.3.1~1-39c8d]:MleDiagGmmUpdate():mle-diag-gmm.cc:359) Too little data - removing Gaussian (weight 0.031948, occupation count 6.165883, vector size 39)
WARNING (gmm-est[5.3.1~1-39c8d]:MleDiagGmmUpdate():mle-diag-gmm.cc:359) Too little data - removing Gaussian (weight 0.029432, occupation count 5.680400, vector size 39)
WARNING (gmm-est[5.3.1~1-39c8d]:MleDiagGmmUpdate():mle-diag-gmm.cc:359) Too little data - removing Gaussian (weight 0.023951, occupation count 6.658422, vector size 39)
WARNING (gmm-est[5.3.1~1-39c8d]:MleDiagGmmUpdate():mle-diag-gmm.cc:359) Too little data - removing Gaussian (weight 0.021629, occupation count 6.012859, vector size 39)
WARNING (gmm-est[5.3.1~1-39c8d]:MleDiagGmmUpdate():mle-diag-gmm.cc:359) Too little data - removing Gaussian (weight 0.035651, occupation count 9.911039, vector size 39)
WARNING (gmm-est[5.3.1~1-39c8d]:MleDiagGmmUpdate():mle-diag-gmm.cc:359) Too little data - removing Gaussian (weight 0.017479, occupation count 6.642119, vector size 39)
WARNING (gmm-est[5.3.1~1-39c8d]:MleDiagGmmUpdate():mle-diag-gmm.cc:359) Too little data - removing Gaussian (weight 0.019590, occupation count 7.444064, vector size 39)
WARNING (gmm-est[5.3.1~1-39c8d]:MleDiagGmmUpdate():mle-diag-gmm.cc:359) Too little data - removing Gaussian (weight 0.014701, occupation count 5.586205, vector size 39)
WARNING (gmm-est[5.3.1~1-39c8d]:MleDiagGmmUpdate():mle-diag-gmm.cc:359) Too little data - removing Gaussian (weight 0.024453, occupation count 9.292040, vector size 39)
WARNING (gmm-est[5.3.1~1-39c8d]:MleDiagGmmUpdate():mle-diag-gmm.cc:359) Too little data - removing Gaussian (weight 0.016052, occupation count 6.099579, vector size 39)
WARNING (gmm-est[5.3.1~1-39c8d]:MleDiagGmmUpdate():mle-diag-gmm.cc:359) Too little data - removing Gaussian (weight 0.021922, occupation count 8.330362, vector size 39)
WARNING (gmm-est[5.3.1~1-39c8d]:MleDiagGmmUpdate():mle-diag-gmm.cc:359) Too little data - removing Gaussian (weight 0.021728, occupation count 8.821378, vector size 39)
WARNING (gmm-est[5.3.1~1-39c8d]:MleDiagGmmUpdate():mle-diag-gmm.cc:359) Too little data - removing Gaussian (weight 0.022055, occupation count 8.954327, vector size 39)
WARNING (gmm-est[5.3.1~1-39c8d]:MleDiagGmmUpdate():mle-diag-gmm.cc:359) Too little data - removing Gaussian (weight 0.021228, occupation count 8.618722, vector size 39)
WARNING (gmm-est[5.3.1~1-39c8d]:MleDiagGmmUpdate():mle-diag-gmm.cc:359) Too little data - removing Gaussian (weight 0.024530, occupation count 9.959320, vector size 39)
WARNING (gmm-est[5.3.1~1-39c8d]:MleDiagGmmUpdate():mle-diag-gmm.cc:359) Too little data - removing Gaussian (weight 0.040538, occupation count 8.756263, vector size 39)
WARNING (gmm-est[5.3.1~1-39c8d]:MleDiagGmmUpdate():mle-diag-gmm.cc:359) Too little data - removing Gaussian (weight 0.047704, occupation count 9.731517, vector size 39)
WARNING (gmm-est[5.3.1~1-39c8d]:MleDiagGmmUpdate():mle-diag-gmm.cc:359) Too little data - removing Gaussian (weight 0.031915, occupation count 7.244623, vector size 39)
WARNING (gmm-est[5.3.1~1-39c8d]:MleDiagGmmUpdate():mle-diag-gmm.cc:359) Too little data - removing Gaussian (weight 0.024834, occupation count 5.637335, vector size 39)
WARNING (gmm-est[5.3.1~1-39c8d]:MleDiagGmmUpdate():mle-diag-gmm.cc:359) Too little data - removing Gaussian (weight 0.038181, occupation count 8.667197, vector size 39)
WARNING (gmm-est[5.3.1~1-39c8d]:MleDiagGmmUpdate():mle-diag-gmm.cc:359) Too little data - removing Gaussian (weight 0.071163, occupation count 9.535812, vector size 39)
WARNING (gmm-est[5.3.1~1-39c8d]:MleDiagGmmUpdate():mle-diag-gmm.cc:359) Too little data - removing Gaussian (weight 0.037225, occupation count 4.988159, vector size 39)
WARNING (gmm-est[5.3.1~1-39c8d]:MleDiagGmmUpdate():mle-diag-gmm.cc:359) Too little data - removing Gaussian (weight 0.043485, occupation count 5.827031, vector size 39)
WARNING (gmm-est[5.3.1~1-39c8d]:MleDiagGmmUpdate():mle-diag-gmm.cc:359) Too little data - removing Gaussian (weight 0.009971, occupation count 9.692050, vector size 39)
WARNING (gmm-est[5.3.1~1-39c8d]:MleDiagGmmUpdate():mle-diag-gmm.cc:359) Too little data - removing Gaussian (weight 0.008847, occupation count 8.599351, vector size 39)
WARNING (gmm-est[5.3.1~1-39c8d]:MleDiagGmmUpdate():mle-diag-gmm.cc:359) Too little data - removing Gaussian (weight 0.009294, occupation count 9.033917, vector size 39)
WARNING (gmm-est[5.3.1~1-39c8d]:MleDiagGmmUpdate():mle-diag-gmm.cc:359) Too little data - removing Gaussian (weight 0.020984, occupation count 6.127200, vector size 39)
WARNING (gmm-est[5.3.1~1-39c8d]:MleDiagGmmUpdate():mle-diag-gmm.cc:359) Too little data - removing Gaussian (weight 0.019284, occupation count 5.631059, vector size 39)
WARNING (gmm-est[5.3.1~1-39c8d]:MleDiagGmmUpdate():mle-diag-gmm.cc:359) Too little data - removing Gaussian (weight 0.022435, occupation count 6.550938, vector size 39)
WARNING (gmm-est[5.3.1~1-39c8d]:MleDiagGmmUpdate():mle-diag-gmm.cc:359) Too little data - removing Gaussian (weight 0.018613, occupation count 5.434989, vector size 39)
WARNING (gmm-est[5.3.1~1-39c8d]:MleDiagGmmUpdate():mle-diag-gmm.cc:359) Too little data - removing Gaussian (weight 0.048703, occupation count 9.740534, vector size 39)
WARNING (gmm-est[5.3.1~1-39c8d]:MleDiagGmmUpdate():mle-diag-gmm.cc:359) Too little data - removing Gaussian (weight 0.037346, occupation count 7.133113, vector size 39)
WARNING (gmm-est[5.3.1~1-39c8d]:MleDiagGmmUpdate():mle-diag-gmm.cc:359) Too little data - removing Gaussian (weight 0.048031, occupation count 9.173983, vector size 39)
WARNING (gmm-est[5.3.1~1-39c8d]:MleDiagGmmUpdate():mle-diag-gmm.cc:359) Too little data - removing Gaussian (weight 0.032818, occupation count 6.268287, vector size 39)
WARNING (gmm-est[5.3.1~1-39c8d]:MleDiagGmmUpdate():mle-diag-gmm.cc:359) Too little data - removing Gaussian (weight 0.017608, occupation count 3.363122, vector size 39)
WARNING (gmm-est[5.3.1~1-39c8d]:MleDiagGmmUpdate():mle-diag-gmm.cc:359) Too little data - removing Gaussian (weight 0.029910, occupation count 5.982028, vector size 39)
LOG (gmm-est[5.3.1~1-39c8d]:MleAmDiagGmmUpdate():mle-am-diag-gmm.cc:225) 0 variance elements floored in 0 Gaussians, out of 1553
LOG (gmm-est[5.3.1~1-39c8d]:MleAmDiagGmmUpdate():mle-am-diag-gmm.cc:229) Removed 146 Gaussians due to counts < --min-gaussian-occupancy=10 and --remove-low-count-gaussians=true
LOG (gmm-est[5.3.1~1-39c8d]:main():gmm-est.cc:113) GMM update: Overall 1.47749 objective function improvement per frame over 34969 frames
LOG (gmm-est[5.3.1~1-39c8d]:main():gmm-est.cc:116) GMM update: Overall avg like per frame = -83.5133 over 34969 frames.
WARNING (gmm-est[5.3.1~1-39c8d]:GetSplitTargets():model-common.cc:134) Could not split up to 3500 due to min-count = 20 (or no counts at all)
LOG (gmm-est[5.3.1~1-39c8d]:SplitByCount():am-diag-gmm.cc:116) Split 94 states with target = 3500, power = 0.25, perturb_factor = 0.01 and min_count = 20, split #Gauss from 1553 to 1699
LOG (gmm-est[5.3.1~1-39c8d]:main():gmm-est.cc:146) Written model to exp/tri2a/4.mdl
# Accounting: time=0 threads=1
# Ended (code 0) at Mon Nov 27 21:04:52 EST 2017, elapsed time 0 seconds
