# build-tree --verbose=1 --max-leaves=4200 --cluster-thresh=-1 exp/tri4a/treeacc data/lang/phones/roots.int exp/tri4a/questions.qst data/lang/topo exp/tri4a/tree 
# Started at Mon Nov 27 21:07:05 EST 2017
#
build-tree --verbose=1 --max-leaves=4200 --cluster-thresh=-1 exp/tri4a/treeacc data/lang/phones/roots.int exp/tri4a/questions.qst data/lang/topo exp/tri4a/tree 
LOG (build-tree[5.3.1~1-39c8d]:main():build-tree.cc:100) Number of separate statistics is 395
LOG (build-tree[5.3.1~1-39c8d]:BuildTree():build-tree.cc:159) BuildTree: before building trees, map has 22 leaves.
LOG (build-tree[5.3.1~1-39c8d]:SplitDecisionTree():build-tree-utils.cc:577) DoDecisionTreeSplit: split 99 times, #leaves now 121
LOG (build-tree[5.3.1~1-39c8d]:BuildTree():build-tree.cc:185) Setting clustering threshold to smallest split 302.275
VLOG[1] (build-tree[5.3.1~1-39c8d]:BuildTree():build-tree.cc:194) After decision tree split, num-leaves = 121, like-impr = 8.34727 per frame over 34969 frames.
VLOG[1] (build-tree[5.3.1~1-39c8d]:BuildTree():build-tree.cc:198) Including just phones that were split, improvement is 8.34727 per frame over 34969 frames.
LOG (build-tree[5.3.1~1-39c8d]:BuildTree():build-tree.cc:213) BuildTree: removed 11 leaves.
VLOG[1] (build-tree[5.3.1~1-39c8d]:BuildTree():build-tree.cc:220) Objf change due to clustering -0.0580943 per frame.
VLOG[1] (build-tree[5.3.1~1-39c8d]:BuildTree():build-tree.cc:223) Normalizing over only split phones, this is: -0.0580943 per frame.
VLOG[1] (build-tree[5.3.1~1-39c8d]:BuildTree():build-tree.cc:226) Num-leaves is now 110
VLOG[1] (build-tree[5.3.1~1-39c8d]:main():build-tree.cc:138) For pdf-id 1, low count 0
VLOG[1] (build-tree[5.3.1~1-39c8d]:main():build-tree.cc:138) For pdf-id 7, low count 33
VLOG[1] (build-tree[5.3.1~1-39c8d]:main():build-tree.cc:138) For pdf-id 8, low count 33
VLOG[1] (build-tree[5.3.1~1-39c8d]:main():build-tree.cc:138) For pdf-id 12, low count 20
VLOG[1] (build-tree[5.3.1~1-39c8d]:main():build-tree.cc:138) For pdf-id 13, low count 18
VLOG[1] (build-tree[5.3.1~1-39c8d]:main():build-tree.cc:138) For pdf-id 14, low count 20
VLOG[1] (build-tree[5.3.1~1-39c8d]:main():build-tree.cc:138) For pdf-id 15, low count 66
VLOG[1] (build-tree[5.3.1~1-39c8d]:main():build-tree.cc:138) For pdf-id 16, low count 72
VLOG[1] (build-tree[5.3.1~1-39c8d]:main():build-tree.cc:138) For pdf-id 25, low count 13
VLOG[1] (build-tree[5.3.1~1-39c8d]:main():build-tree.cc:138) For pdf-id 29, low count 23
VLOG[1] (build-tree[5.3.1~1-39c8d]:main():build-tree.cc:138) For pdf-id 31, low count 58
VLOG[1] (build-tree[5.3.1~1-39c8d]:main():build-tree.cc:138) For pdf-id 33, low count 31
VLOG[1] (build-tree[5.3.1~1-39c8d]:main():build-tree.cc:138) For pdf-id 39, low count 92
VLOG[1] (build-tree[5.3.1~1-39c8d]:main():build-tree.cc:138) For pdf-id 41, low count 89
VLOG[1] (build-tree[5.3.1~1-39c8d]:main():build-tree.cc:138) For pdf-id 46, low count 95
VLOG[1] (build-tree[5.3.1~1-39c8d]:main():build-tree.cc:138) For pdf-id 47, low count 48
VLOG[1] (build-tree[5.3.1~1-39c8d]:main():build-tree.cc:138) For pdf-id 48, low count 28
VLOG[1] (build-tree[5.3.1~1-39c8d]:main():build-tree.cc:138) For pdf-id 49, low count 28
VLOG[1] (build-tree[5.3.1~1-39c8d]:main():build-tree.cc:138) For pdf-id 69, low count 32
VLOG[1] (build-tree[5.3.1~1-39c8d]:main():build-tree.cc:138) For pdf-id 71, low count 38
VLOG[1] (build-tree[5.3.1~1-39c8d]:main():build-tree.cc:138) For pdf-id 73, low count 31
VLOG[1] (build-tree[5.3.1~1-39c8d]:main():build-tree.cc:138) For pdf-id 82, low count 33
VLOG[1] (build-tree[5.3.1~1-39c8d]:main():build-tree.cc:138) For pdf-id 84, low count 32
VLOG[1] (build-tree[5.3.1~1-39c8d]:main():build-tree.cc:138) For pdf-id 85, low count 47
VLOG[1] (build-tree[5.3.1~1-39c8d]:main():build-tree.cc:138) For pdf-id 87, low count 11
VLOG[1] (build-tree[5.3.1~1-39c8d]:main():build-tree.cc:138) For pdf-id 88, low count 15
VLOG[1] (build-tree[5.3.1~1-39c8d]:main():build-tree.cc:138) For pdf-id 90, low count 66
VLOG[1] (build-tree[5.3.1~1-39c8d]:main():build-tree.cc:138) For pdf-id 93, low count 66
VLOG[1] (build-tree[5.3.1~1-39c8d]:main():build-tree.cc:138) For pdf-id 95, low count 98
VLOG[1] (build-tree[5.3.1~1-39c8d]:main():build-tree.cc:138) For pdf-id 98, low count 51
WARNING (build-tree[5.3.1~1-39c8d]:main():build-tree.cc:180) Saw no stats for following phones: 2 3 4 5 6 7 8 9 10 11 12 14 15 16 18 19 20 22 23 24 26 28 29 30 32 33 34 36 37 38 39 40 42 43 46 47 48 50 53 54 55 57 58 59 62 65 66 69 70 72 73 74 75 77 78 80 82 83 86 88 89 90 
LOG (build-tree[5.3.1~1-39c8d]:main():build-tree.cc:184) Wrote tree
# Accounting: time=1 threads=1
# Ended (code 0) at Mon Nov 27 21:07:06 EST 2017, elapsed time 1 seconds
