# ali-to-post "ark:gunzip -c exp/tri4a/ali.1.gz|" ark:- | weight-silence-post 0.0 1:2:3:4:5:6:7:8:9:10 exp/tri4a/12.mdl ark:- ark:- | gmm-est-fmllr --fmllr-update-type=full --spk2utt=ark:data/train/split1/1/spk2utt exp/tri4a/12.mdl "ark,s,cs:apply-cmvn  --utt2spk=ark:data/train/split1/1/utt2spk scp:data/train/split1/1/cmvn.scp scp:data/train/split1/1/feats.scp ark:- | splice-feats  ark:- ark:- | transform-feats exp/tri3a_ali/final.mat ark:- ark:- | transform-feats --utt2spk=ark:data/train/split1/1/utt2spk ark:exp/tri4a/trans.1 ark:- ark:- |" ark:- ark:exp/tri4a/tmp_trans.1 
# Started at Mon Nov 27 21:07:32 EST 2017
#
ali-to-post 'ark:gunzip -c exp/tri4a/ali.1.gz|' ark:- 
weight-silence-post 0.0 1:2:3:4:5:6:7:8:9:10 exp/tri4a/12.mdl ark:- ark:- 
gmm-est-fmllr --fmllr-update-type=full --spk2utt=ark:data/train/split1/1/spk2utt exp/tri4a/12.mdl 'ark,s,cs:apply-cmvn  --utt2spk=ark:data/train/split1/1/utt2spk scp:data/train/split1/1/cmvn.scp scp:data/train/split1/1/feats.scp ark:- | splice-feats  ark:- ark:- | transform-feats exp/tri3a_ali/final.mat ark:- ark:- | transform-feats --utt2spk=ark:data/train/split1/1/utt2spk ark:exp/tri4a/trans.1 ark:- ark:- |' ark:- ark:exp/tri4a/tmp_trans.1 
transform-feats --utt2spk=ark:data/train/split1/1/utt2spk ark:exp/tri4a/trans.1 ark:- ark:- 
apply-cmvn --utt2spk=ark:data/train/split1/1/utt2spk scp:data/train/split1/1/cmvn.scp scp:data/train/split1/1/feats.scp ark:- 
splice-feats ark:- ark:- 
transform-feats exp/tri3a_ali/final.mat ark:- ark:- 
LOG (gmm-est-fmllr[5.3.1~1-39c8d]:ComputeFmllrMatrixDiagGmmFull():fmllr-diag-gmm.cc:262) fMLLR objf improvement is 0.123158 per frame over 3554 frames.
LOG (gmm-est-fmllr[5.3.1~1-39c8d]:main():gmm-est-fmllr.cc:143) For speaker afika, auxf-impr from fMLLR is 0.123158, over 3554 frames.
LOG (gmm-est-fmllr[5.3.1~1-39c8d]:ComputeFmllrMatrixDiagGmmFull():fmllr-diag-gmm.cc:262) fMLLR objf improvement is 0.268822 per frame over 1812 frames.
LOG (gmm-est-fmllr[5.3.1~1-39c8d]:main():gmm-est-fmllr.cc:143) For speaker bret, auxf-impr from fMLLR is 0.268822, over 1812 frames.
LOG (gmm-est-fmllr[5.3.1~1-39c8d]:ComputeFmllrMatrixDiagGmmFull():fmllr-diag-gmm.cc:262) fMLLR objf improvement is 0.202593 per frame over 2144 frames.
LOG (gmm-est-fmllr[5.3.1~1-39c8d]:main():gmm-est-fmllr.cc:143) For speaker dre, auxf-impr from fMLLR is 0.202593, over 2144 frames.
LOG (gmm-est-fmllr[5.3.1~1-39c8d]:ComputeFmllrMatrixDiagGmmFull():fmllr-diag-gmm.cc:262) fMLLR objf improvement is 0.221981 per frame over 2174 frames.
LOG (gmm-est-fmllr[5.3.1~1-39c8d]:main():gmm-est-fmllr.cc:143) For speaker grace, auxf-impr from fMLLR is 0.221981, over 2174 frames.
LOG (gmm-est-fmllr[5.3.1~1-39c8d]:ComputeFmllrMatrixDiagGmmFull():fmllr-diag-gmm.cc:262) fMLLR objf improvement is 0.232653 per frame over 1842 frames.
LOG (gmm-est-fmllr[5.3.1~1-39c8d]:main():gmm-est-fmllr.cc:143) For speaker logan, auxf-impr from fMLLR is 0.232653, over 1842 frames.
LOG (gmm-est-fmllr[5.3.1~1-39c8d]:ComputeFmllrMatrixDiagGmmFull():fmllr-diag-gmm.cc:262) fMLLR objf improvement is 0.214081 per frame over 1936 frames.
LOG (gmm-est-fmllr[5.3.1~1-39c8d]:main():gmm-est-fmllr.cc:143) For speaker nikki, auxf-impr from fMLLR is 0.214081, over 1936 frames.
LOG (ali-to-post[5.3.1~1-39c8d]:main():ali-to-post.cc:73) Converted 90 alignments.
LOG (gmm-est-fmllr[5.3.1~1-39c8d]:ComputeFmllrMatrixDiagGmmFull():fmllr-diag-gmm.cc:262) fMLLR objf improvement is 0.153101 per frame over 3012 frames.
LOG (gmm-est-fmllr[5.3.1~1-39c8d]:main():gmm-est-fmllr.cc:143) For speaker rachel, auxf-impr from fMLLR is 0.153101, over 3012 frames.
LOG (weight-silence-post[5.3.1~1-39c8d]:main():weight-silence-post.cc:95) Done 90 posteriors.
LOG (gmm-est-fmllr[5.3.1~1-39c8d]:ComputeFmllrMatrixDiagGmmFull():fmllr-diag-gmm.cc:262) fMLLR objf improvement is 0.179764 per frame over 2538 frames.
LOG (gmm-est-fmllr[5.3.1~1-39c8d]:main():gmm-est-fmllr.cc:143) For speaker sam, auxf-impr from fMLLR is 0.179764, over 2538 frames.
LOG (apply-cmvn[5.3.1~1-39c8d]:main():apply-cmvn.cc:162) Applied cepstral mean normalization to 90 utterances, errors on 0
LOG (transform-feats[5.3.1~1-39c8d]:main():transform-feats.cc:158) Overall average [pseudo-]logdet is -67.2029 over 34969 frames.
LOG (transform-feats[5.3.1~1-39c8d]:main():transform-feats.cc:161) Applied transform to 90 utterances; 0 had errors.
LOG (transform-feats[5.3.1~1-39c8d]:main():transform-feats.cc:158) Overall average logdet is 3.66564 over 34969 frames.
LOG (transform-feats[5.3.1~1-39c8d]:main():transform-feats.cc:161) Applied transform to 90 utterances; 0 had errors.
LOG (gmm-est-fmllr[5.3.1~1-39c8d]:ComputeFmllrMatrixDiagGmmFull():fmllr-diag-gmm.cc:262) fMLLR objf improvement is 0.224674 per frame over 2184 frames.
LOG (gmm-est-fmllr[5.3.1~1-39c8d]:main():gmm-est-fmllr.cc:143) For speaker zack, auxf-impr from fMLLR is 0.224674, over 2184 frames.
LOG (gmm-est-fmllr[5.3.1~1-39c8d]:main():gmm-est-fmllr.cc:188) Done 90 files, 0 with no posts, 0 with other errors.
LOG (gmm-est-fmllr[5.3.1~1-39c8d]:main():gmm-est-fmllr.cc:190) Overall fMLLR auxf impr per frame is 0.193095 over 21196 frames.
# Accounting: time=3 threads=1
# Ended (code 0) at Mon Nov 27 21:07:35 EST 2017, elapsed time 3 seconds
