# ali-to-post "ark:gunzip -c exp/tri4a/ali.1.gz|" ark:- | weight-silence-post 0.0 1:2:3:4:5:6:7:8:9:10 exp/tri4a/6.mdl ark:- ark:- | gmm-est-fmllr --fmllr-update-type=full --spk2utt=ark:data/train/split1/1/spk2utt exp/tri4a/6.mdl "ark,s,cs:apply-cmvn  --utt2spk=ark:data/train/split1/1/utt2spk scp:data/train/split1/1/cmvn.scp scp:data/train/split1/1/feats.scp ark:- | splice-feats  ark:- ark:- | transform-feats exp/tri3a_ali/final.mat ark:- ark:- | transform-feats --utt2spk=ark:data/train/split1/1/utt2spk ark:exp/tri4a/trans.1 ark:- ark:- |" ark:- ark:exp/tri4a/tmp_trans.1 
# Started at Mon Nov 27 21:07:18 EST 2017
#
weight-silence-post 0.0 1:2:3:4:5:6:7:8:9:10 exp/tri4a/6.mdl ark:- ark:- 
ali-to-post 'ark:gunzip -c exp/tri4a/ali.1.gz|' ark:- 
gmm-est-fmllr --fmllr-update-type=full --spk2utt=ark:data/train/split1/1/spk2utt exp/tri4a/6.mdl 'ark,s,cs:apply-cmvn  --utt2spk=ark:data/train/split1/1/utt2spk scp:data/train/split1/1/cmvn.scp scp:data/train/split1/1/feats.scp ark:- | splice-feats  ark:- ark:- | transform-feats exp/tri3a_ali/final.mat ark:- ark:- | transform-feats --utt2spk=ark:data/train/split1/1/utt2spk ark:exp/tri4a/trans.1 ark:- ark:- |' ark:- ark:exp/tri4a/tmp_trans.1 
transform-feats --utt2spk=ark:data/train/split1/1/utt2spk ark:exp/tri4a/trans.1 ark:- ark:- 
apply-cmvn --utt2spk=ark:data/train/split1/1/utt2spk scp:data/train/split1/1/cmvn.scp scp:data/train/split1/1/feats.scp ark:- 
transform-feats exp/tri3a_ali/final.mat ark:- ark:- 
splice-feats ark:- ark:- 
LOG (gmm-est-fmllr[5.3.1~1-39c8d]:ComputeFmllrMatrixDiagGmmFull():fmllr-diag-gmm.cc:262) fMLLR objf improvement is 0.15558 per frame over 3553 frames.
LOG (gmm-est-fmllr[5.3.1~1-39c8d]:main():gmm-est-fmllr.cc:143) For speaker afika, auxf-impr from fMLLR is 0.15558, over 3553 frames.
LOG (gmm-est-fmllr[5.3.1~1-39c8d]:ComputeFmllrMatrixDiagGmmFull():fmllr-diag-gmm.cc:262) fMLLR objf improvement is 0.313561 per frame over 1804 frames.
LOG (gmm-est-fmllr[5.3.1~1-39c8d]:main():gmm-est-fmllr.cc:143) For speaker bret, auxf-impr from fMLLR is 0.313561, over 1804 frames.
LOG (gmm-est-fmllr[5.3.1~1-39c8d]:ComputeFmllrMatrixDiagGmmFull():fmllr-diag-gmm.cc:262) fMLLR objf improvement is 0.223132 per frame over 2137 frames.
LOG (gmm-est-fmllr[5.3.1~1-39c8d]:main():gmm-est-fmllr.cc:143) For speaker dre, auxf-impr from fMLLR is 0.223132, over 2137 frames.
LOG (gmm-est-fmllr[5.3.1~1-39c8d]:ComputeFmllrMatrixDiagGmmFull():fmllr-diag-gmm.cc:262) fMLLR objf improvement is 0.246083 per frame over 2176 frames.
LOG (gmm-est-fmllr[5.3.1~1-39c8d]:main():gmm-est-fmllr.cc:143) For speaker grace, auxf-impr from fMLLR is 0.246083, over 2176 frames.
LOG (gmm-est-fmllr[5.3.1~1-39c8d]:ComputeFmllrMatrixDiagGmmFull():fmllr-diag-gmm.cc:262) fMLLR objf improvement is 0.297206 per frame over 1839 frames.
LOG (gmm-est-fmllr[5.3.1~1-39c8d]:main():gmm-est-fmllr.cc:143) For speaker logan, auxf-impr from fMLLR is 0.297206, over 1839 frames.
LOG (gmm-est-fmllr[5.3.1~1-39c8d]:ComputeFmllrMatrixDiagGmmFull():fmllr-diag-gmm.cc:262) fMLLR objf improvement is 0.250966 per frame over 1930 frames.
LOG (gmm-est-fmllr[5.3.1~1-39c8d]:main():gmm-est-fmllr.cc:143) For speaker nikki, auxf-impr from fMLLR is 0.250966, over 1930 frames.
LOG (ali-to-post[5.3.1~1-39c8d]:main():ali-to-post.cc:73) Converted 90 alignments.
LOG (gmm-est-fmllr[5.3.1~1-39c8d]:ComputeFmllrMatrixDiagGmmFull():fmllr-diag-gmm.cc:262) fMLLR objf improvement is 0.1688 per frame over 3012 frames.
LOG (gmm-est-fmllr[5.3.1~1-39c8d]:main():gmm-est-fmllr.cc:143) For speaker rachel, auxf-impr from fMLLR is 0.1688, over 3012 frames.
LOG (weight-silence-post[5.3.1~1-39c8d]:main():weight-silence-post.cc:95) Done 90 posteriors.
LOG (gmm-est-fmllr[5.3.1~1-39c8d]:ComputeFmllrMatrixDiagGmmFull():fmllr-diag-gmm.cc:262) fMLLR objf improvement is 0.209123 per frame over 2528 frames.
LOG (gmm-est-fmllr[5.3.1~1-39c8d]:main():gmm-est-fmllr.cc:143) For speaker sam, auxf-impr from fMLLR is 0.209123, over 2528 frames.
LOG (apply-cmvn[5.3.1~1-39c8d]:main():apply-cmvn.cc:162) Applied cepstral mean normalization to 90 utterances, errors on 0
LOG (transform-feats[5.3.1~1-39c8d]:main():transform-feats.cc:158) Overall average [pseudo-]logdet is -67.2029 over 34969 frames.
LOG (transform-feats[5.3.1~1-39c8d]:main():transform-feats.cc:161) Applied transform to 90 utterances; 0 had errors.
LOG (transform-feats[5.3.1~1-39c8d]:main():transform-feats.cc:158) Overall average logdet is 3.27608 over 34969 frames.
LOG (transform-feats[5.3.1~1-39c8d]:main():transform-feats.cc:161) Applied transform to 90 utterances; 0 had errors.
LOG (gmm-est-fmllr[5.3.1~1-39c8d]:ComputeFmllrMatrixDiagGmmFull():fmllr-diag-gmm.cc:262) fMLLR objf improvement is 0.295264 per frame over 2185 frames.
LOG (gmm-est-fmllr[5.3.1~1-39c8d]:main():gmm-est-fmllr.cc:143) For speaker zack, auxf-impr from fMLLR is 0.295264, over 2185 frames.
LOG (gmm-est-fmllr[5.3.1~1-39c8d]:main():gmm-est-fmllr.cc:188) Done 90 files, 0 with no posts, 0 with other errors.
LOG (gmm-est-fmllr[5.3.1~1-39c8d]:main():gmm-est-fmllr.cc:190) Overall fMLLR auxf impr per frame is 0.228875 over 21164 frames.
# Accounting: time=2 threads=1
# Ended (code 0) at Mon Nov 27 21:07:20 EST 2017, elapsed time 2 seconds
