gmm-init-model --write-occs=exp/tri4a/1.occs exp/tri4a/tree exp/tri4a/treeacc data/lang/topo exp/tri4a/1.mdl 
LOG (gmm-init-model[5.3.1~1-39c8d]:main():gmm-init-model.cc:271) Number of separate statistics is 395
WARNING (gmm-init-model[5.3.1~1-39c8d]:InitAmGmm():gmm-init-model.cc:55) Tree has pdf-id 1 with no stats; corresponding phone list: 6 7 8 9 10 
WARNING (gmm-init-model[5.3.1~1-39c8d]:InitAmGmm():gmm-init-model.cc:83) Very small count for state 7: 33; corresponding phone list: 31 32 33 34 
WARNING (gmm-init-model[5.3.1~1-39c8d]:InitAmGmm():gmm-init-model.cc:83) Very small count for state 8: 33; corresponding phone list: 35 36 37 38 
WARNING (gmm-init-model[5.3.1~1-39c8d]:InitAmGmm():gmm-init-model.cc:83) Very small count for state 12: 20; corresponding phone list: 51 52 53 54 
WARNING (gmm-init-model[5.3.1~1-39c8d]:InitAmGmm():gmm-init-model.cc:83) Very small count for state 13: 18; corresponding phone list: 55 56 57 58 
WARNING (gmm-init-model[5.3.1~1-39c8d]:InitAmGmm():gmm-init-model.cc:83) Very small count for state 14: 20; corresponding phone list: 59 60 61 62 
WARNING (gmm-init-model[5.3.1~1-39c8d]:InitAmGmm():gmm-init-model.cc:83) Very small count for state 15: 66; corresponding phone list: 63 64 65 66 
WARNING (gmm-init-model[5.3.1~1-39c8d]:InitAmGmm():gmm-init-model.cc:83) Very small count for state 16: 72; corresponding phone list: 67 68 69 70 
WARNING (gmm-init-model[5.3.1~1-39c8d]:InitAmGmm():gmm-init-model.cc:83) Very small count for state 25: 13; corresponding phone list: 87 88 89 90 
WARNING (gmm-init-model[5.3.1~1-39c8d]:InitAmGmm():gmm-init-model.cc:83) Very small count for state 29: 23; corresponding phone list: 67 68 69 70 
WARNING (gmm-init-model[5.3.1~1-39c8d]:InitAmGmm():gmm-init-model.cc:83) Very small count for state 31: 58; corresponding phone list: 35 36 37 38 
WARNING (gmm-init-model[5.3.1~1-39c8d]:InitAmGmm():gmm-init-model.cc:83) Very small count for state 33: 31; corresponding phone list: 51 52 53 54 
WARNING (gmm-init-model[5.3.1~1-39c8d]:InitAmGmm():gmm-init-model.cc:83) Very small count for state 39: 92; corresponding phone list: 51 52 53 54 
WARNING (gmm-init-model[5.3.1~1-39c8d]:InitAmGmm():gmm-init-model.cc:83) Very small count for state 41: 89; corresponding phone list: 27 28 29 30 
WARNING (gmm-init-model[5.3.1~1-39c8d]:InitAmGmm():gmm-init-model.cc:83) Very small count for state 46: 95; corresponding phone list: 43 44 45 46 
WARNING (gmm-init-model[5.3.1~1-39c8d]:InitAmGmm():gmm-init-model.cc:83) Very small count for state 47: 48; corresponding phone list: 59 60 61 62 
WARNING (gmm-init-model[5.3.1~1-39c8d]:InitAmGmm():gmm-init-model.cc:83) Very small count for state 48: 28; corresponding phone list: 55 56 57 58 
WARNING (gmm-init-model[5.3.1~1-39c8d]:InitAmGmm():gmm-init-model.cc:83) Very small count for state 49: 28; corresponding phone list: 31 32 33 34 
WARNING (gmm-init-model[5.3.1~1-39c8d]:InitAmGmm():gmm-init-model.cc:83) Very small count for state 69: 32; corresponding phone list: 27 28 29 30 
WARNING (gmm-init-model[5.3.1~1-39c8d]:InitAmGmm():gmm-init-model.cc:83) Very small count for state 71: 38; corresponding phone list: 27 28 29 30 
WARNING (gmm-init-model[5.3.1~1-39c8d]:InitAmGmm():gmm-init-model.cc:83) Very small count for state 73: 31; corresponding phone list: 55 56 57 58 
WARNING (gmm-init-model[5.3.1~1-39c8d]:InitAmGmm():gmm-init-model.cc:83) Very small count for state 82: 33; corresponding phone list: 59 60 61 62 
WARNING (gmm-init-model[5.3.1~1-39c8d]:InitAmGmm():gmm-init-model.cc:83) Very small count for state 84: 32; corresponding phone list: 59 60 61 62 
WARNING (gmm-init-model[5.3.1~1-39c8d]:InitAmGmm():gmm-init-model.cc:83) Very small count for state 85: 47; corresponding phone list: 55 56 57 58 
WARNING (gmm-init-model[5.3.1~1-39c8d]:InitAmGmm():gmm-init-model.cc:83) Very small count for state 87: 11; corresponding phone list: 35 36 37 38 
WARNING (gmm-init-model[5.3.1~1-39c8d]:InitAmGmm():gmm-init-model.cc:83) Very small count for state 88: 15; corresponding phone list: 87 88 89 90 
WARNING (gmm-init-model[5.3.1~1-39c8d]:InitAmGmm():gmm-init-model.cc:83) Very small count for state 90: 66; corresponding phone list: 27 28 29 30 
WARNING (gmm-init-model[5.3.1~1-39c8d]:InitAmGmm():gmm-init-model.cc:83) Very small count for state 93: 66; corresponding phone list: 67 68 69 70 
WARNING (gmm-init-model[5.3.1~1-39c8d]:InitAmGmm():gmm-init-model.cc:83) Very small count for state 95: 98; corresponding phone list: 43 44 45 46 
WARNING (gmm-init-model[5.3.1~1-39c8d]:InitAmGmm():gmm-init-model.cc:83) Very small count for state 98: 51; corresponding phone list: 59 60 61 62 
LOG (gmm-init-model[5.3.1~1-39c8d]:main():gmm-init-model.cc:306) Wrote model.
