# gmm-est --power=0.2 --write-occs=exp/tri4a/15.occs --mix-up=22816 exp/tri4a/14.mdl "gmm-sum-accs - exp/tri4a/14.*.acc |" exp/tri4a/15.mdl 
# Started at Mon Nov 27 21:07:39 EST 2017
#
gmm-est --power=0.2 --write-occs=exp/tri4a/15.occs --mix-up=22816 exp/tri4a/14.mdl 'gmm-sum-accs - exp/tri4a/14.*.acc |' exp/tri4a/15.mdl 
gmm-sum-accs - exp/tri4a/14.1.acc 
LOG (gmm-sum-accs[5.3.1~1-39c8d]:main():gmm-sum-accs.cc:63) Summed 1 stats, total count 34969, avg like/frame -47.9173
LOG (gmm-sum-accs[5.3.1~1-39c8d]:main():gmm-sum-accs.cc:66) Total count of stats is 34969
LOG (gmm-sum-accs[5.3.1~1-39c8d]:main():gmm-sum-accs.cc:67) Written stats to -
LOG (gmm-est[5.3.1~1-39c8d]:MleUpdate():transition-model.cc:517) TransitionModel::Update, objf change is 0 per frame over 34969 frames. 
LOG (gmm-est[5.3.1~1-39c8d]:MleUpdate():transition-model.cc:520) 23 probabilities floored, 476 out of 614 transition-states skipped due to insuffient data (it is normal to have some skipped.)
LOG (gmm-est[5.3.1~1-39c8d]:main():gmm-est.cc:102) Transition model update: Overall 0 log-like improvement per frame over 34969 frames.
WARNING (gmm-est[5.3.1~1-39c8d]:MleDiagGmmUpdate():mle-diag-gmm.cc:365) Gaussian has too little data but not removing it because it is the last Gaussian: i = 0, occ = 0, weight = 1
WARNING (gmm-est[5.3.1~1-39c8d]:MleDiagGmmUpdate():mle-diag-gmm.cc:359) Too little data - removing Gaussian (weight 0.001056, occupation count 9.737027, vector size 40)
WARNING (gmm-est[5.3.1~1-39c8d]:MleDiagGmmUpdate():mle-diag-gmm.cc:359) Too little data - removing Gaussian (weight 0.001059, occupation count 9.761033, vector size 40)
WARNING (gmm-est[5.3.1~1-39c8d]:MleDiagGmmUpdate():mle-diag-gmm.cc:359) Too little data - removing Gaussian (weight 0.001075, occupation count 9.914051, vector size 40)
WARNING (gmm-est[5.3.1~1-39c8d]:MleDiagGmmUpdate():mle-diag-gmm.cc:359) Too little data - removing Gaussian (weight 0.000977, occupation count 9.004635, vector size 40)
WARNING (gmm-est[5.3.1~1-39c8d]:MleDiagGmmUpdate():mle-diag-gmm.cc:359) Too little data - removing Gaussian (weight 0.001082, occupation count 9.975698, vector size 40)
WARNING (gmm-est[5.3.1~1-39c8d]:MleDiagGmmUpdate():mle-diag-gmm.cc:359) Too little data - removing Gaussian (weight 0.018245, occupation count 9.997999, vector size 40)
WARNING (gmm-est[5.3.1~1-39c8d]:MleDiagGmmUpdate():mle-diag-gmm.cc:359) Too little data - removing Gaussian (weight 0.016750, occupation count 9.999782, vector size 40)
LOG (gmm-est[5.3.1~1-39c8d]:MleAmDiagGmmUpdate():mle-am-diag-gmm.cc:225) 0 variance elements floored in 0 Gaussians, out of 1696
LOG (gmm-est[5.3.1~1-39c8d]:MleAmDiagGmmUpdate():mle-am-diag-gmm.cc:229) Removed 7 Gaussians due to counts < --min-gaussian-occupancy=10 and --remove-low-count-gaussians=true
LOG (gmm-est[5.3.1~1-39c8d]:main():gmm-est.cc:113) GMM update: Overall 0.0965381 objective function improvement per frame over 34969 frames
LOG (gmm-est[5.3.1~1-39c8d]:main():gmm-est.cc:116) GMM update: Overall avg like per frame = -47.9173 over 34969 frames.
WARNING (gmm-est[5.3.1~1-39c8d]:GetSplitTargets():model-common.cc:134) Could not split up to 22816 due to min-count = 20 (or no counts at all)
LOG (gmm-est[5.3.1~1-39c8d]:SplitByCount():am-diag-gmm.cc:116) Split 110 states with target = 22816, power = 0.2, perturb_factor = 0.01 and min_count = 20, split #Gauss from 1696 to 1703
LOG (gmm-est[5.3.1~1-39c8d]:main():gmm-est.cc:146) Written model to exp/tri4a/15.mdl
# Accounting: time=0 threads=1
# Ended (code 0) at Mon Nov 27 21:07:39 EST 2017, elapsed time 0 seconds
