# build-tree --verbose=1 --max-leaves=2000 --cluster-thresh=-1 exp/tri1/treeacc data/lang/phones/roots.int exp/tri1/questions.qst data/lang/topo exp/tri1/tree 
# Started at Mon Nov 27 21:03:45 EST 2017
#
build-tree --verbose=1 --max-leaves=2000 --cluster-thresh=-1 exp/tri1/treeacc data/lang/phones/roots.int exp/tri1/questions.qst data/lang/topo exp/tri1/tree 
LOG (build-tree[5.3.1~1-39c8d]:main():build-tree.cc:100) Number of separate statistics is 404
LOG (build-tree[5.3.1~1-39c8d]:BuildTree():build-tree.cc:159) BuildTree: before building trees, map has 22 leaves.
LOG (build-tree[5.3.1~1-39c8d]:SplitDecisionTree():build-tree-utils.cc:577) DoDecisionTreeSplit: split 80 times, #leaves now 102
LOG (build-tree[5.3.1~1-39c8d]:BuildTree():build-tree.cc:185) Setting clustering threshold to smallest split 302.803
VLOG[1] (build-tree[5.3.1~1-39c8d]:BuildTree():build-tree.cc:194) After decision tree split, num-leaves = 102, like-impr = 5.99217 per frame over 34969 frames.
VLOG[1] (build-tree[5.3.1~1-39c8d]:BuildTree():build-tree.cc:198) Including just phones that were split, improvement is 5.99217 per frame over 34969 frames.
LOG (build-tree[5.3.1~1-39c8d]:BuildTree():build-tree.cc:213) BuildTree: removed 8 leaves.
VLOG[1] (build-tree[5.3.1~1-39c8d]:BuildTree():build-tree.cc:220) Objf change due to clustering -0.0533258 per frame.
VLOG[1] (build-tree[5.3.1~1-39c8d]:BuildTree():build-tree.cc:223) Normalizing over only split phones, this is: -0.0533258 per frame.
VLOG[1] (build-tree[5.3.1~1-39c8d]:BuildTree():build-tree.cc:226) Num-leaves is now 94
VLOG[1] (build-tree[5.3.1~1-39c8d]:main():build-tree.cc:138) For pdf-id 1, low count 0
VLOG[1] (build-tree[5.3.1~1-39c8d]:main():build-tree.cc:138) For pdf-id 6, low count 48
VLOG[1] (build-tree[5.3.1~1-39c8d]:main():build-tree.cc:138) For pdf-id 8, low count 38
VLOG[1] (build-tree[5.3.1~1-39c8d]:main():build-tree.cc:138) For pdf-id 12, low count 92
VLOG[1] (build-tree[5.3.1~1-39c8d]:main():build-tree.cc:138) For pdf-id 14, low count 96
VLOG[1] (build-tree[5.3.1~1-39c8d]:main():build-tree.cc:138) For pdf-id 15, low count 79
VLOG[1] (build-tree[5.3.1~1-39c8d]:main():build-tree.cc:138) For pdf-id 16, low count 67
VLOG[1] (build-tree[5.3.1~1-39c8d]:main():build-tree.cc:138) For pdf-id 23, low count 85
VLOG[1] (build-tree[5.3.1~1-39c8d]:main():build-tree.cc:138) For pdf-id 36, low count 57
VLOG[1] (build-tree[5.3.1~1-39c8d]:main():build-tree.cc:138) For pdf-id 40, low count 37
VLOG[1] (build-tree[5.3.1~1-39c8d]:main():build-tree.cc:138) For pdf-id 46, low count 42
VLOG[1] (build-tree[5.3.1~1-39c8d]:main():build-tree.cc:138) For pdf-id 47, low count 30
VLOG[1] (build-tree[5.3.1~1-39c8d]:main():build-tree.cc:138) For pdf-id 48, low count 38
VLOG[1] (build-tree[5.3.1~1-39c8d]:main():build-tree.cc:138) For pdf-id 51, low count 62
VLOG[1] (build-tree[5.3.1~1-39c8d]:main():build-tree.cc:138) For pdf-id 61, low count 69
VLOG[1] (build-tree[5.3.1~1-39c8d]:main():build-tree.cc:138) For pdf-id 67, low count 95
VLOG[1] (build-tree[5.3.1~1-39c8d]:main():build-tree.cc:138) For pdf-id 71, low count 19
VLOG[1] (build-tree[5.3.1~1-39c8d]:main():build-tree.cc:138) For pdf-id 72, low count 97
VLOG[1] (build-tree[5.3.1~1-39c8d]:main():build-tree.cc:138) For pdf-id 77, low count 30
VLOG[1] (build-tree[5.3.1~1-39c8d]:main():build-tree.cc:138) For pdf-id 79, low count 30
VLOG[1] (build-tree[5.3.1~1-39c8d]:main():build-tree.cc:138) For pdf-id 84, low count 83
VLOG[1] (build-tree[5.3.1~1-39c8d]:main():build-tree.cc:138) For pdf-id 92, low count 58
WARNING (build-tree[5.3.1~1-39c8d]:main():build-tree.cc:180) Saw no stats for following phones: 2 3 4 5 6 7 8 9 10 11 12 14 15 16 18 19 20 22 23 24 26 28 29 30 32 33 34 36 37 38 39 40 42 43 46 47 48 50 53 54 55 57 58 59 62 65 66 69 70 72 73 74 75 77 78 80 82 83 86 88 89 90 
LOG (build-tree[5.3.1~1-39c8d]:main():build-tree.cc:184) Wrote tree
# Accounting: time=0 threads=1
# Ended (code 0) at Mon Nov 27 21:03:45 EST 2017, elapsed time 0 seconds
