# ali-to-post "ark:gunzip -c exp/tri3a_ali/pre_ali.1.gz|" ark:- | weight-silence-post 0.0 1:2:3:4:5:6:7:8:9:10 exp/tri3a/final.mdl ark:- ark:- | gmm-est-fmllr --fmllr-update-type=full --spk2utt=ark:data/train/split1/1/spk2utt exp/tri3a/final.mdl "ark,s,cs:apply-cmvn  --utt2spk=ark:data/train/split1/1/utt2spk scp:data/train/split1/1/cmvn.scp scp:data/train/split1/1/feats.scp ark:- | splice-feats  ark:- ark:- | transform-feats exp/tri3a/final.mat ark:- ark:- |" ark,s,cs:- ark:exp/tri3a_ali/trans.1 
# Started at Mon Nov 27 21:06:58 EST 2017
#
ali-to-post 'ark:gunzip -c exp/tri3a_ali/pre_ali.1.gz|' ark:- 
weight-silence-post 0.0 1:2:3:4:5:6:7:8:9:10 exp/tri3a/final.mdl ark:- ark:- 
gmm-est-fmllr --fmllr-update-type=full --spk2utt=ark:data/train/split1/1/spk2utt exp/tri3a/final.mdl 'ark,s,cs:apply-cmvn  --utt2spk=ark:data/train/split1/1/utt2spk scp:data/train/split1/1/cmvn.scp scp:data/train/split1/1/feats.scp ark:- | splice-feats  ark:- ark:- | transform-feats exp/tri3a/final.mat ark:- ark:- |' ark,s,cs:- ark:exp/tri3a_ali/trans.1 
splice-feats ark:- ark:- 
apply-cmvn --utt2spk=ark:data/train/split1/1/utt2spk scp:data/train/split1/1/cmvn.scp scp:data/train/split1/1/feats.scp ark:- 
transform-feats exp/tri3a/final.mat ark:- ark:- 
LOG (gmm-est-fmllr[5.3.1~1-39c8d]:ComputeFmllrMatrixDiagGmmFull():fmllr-diag-gmm.cc:262) fMLLR objf improvement is 0.457026 per frame over 3553 frames.
LOG (gmm-est-fmllr[5.3.1~1-39c8d]:main():gmm-est-fmllr.cc:143) For speaker afika, auxf-impr from fMLLR is 0.457026, over 3553 frames.
LOG (gmm-est-fmllr[5.3.1~1-39c8d]:ComputeFmllrMatrixDiagGmmFull():fmllr-diag-gmm.cc:262) fMLLR objf improvement is 1.08534 per frame over 1802 frames.
LOG (gmm-est-fmllr[5.3.1~1-39c8d]:main():gmm-est-fmllr.cc:143) For speaker bret, auxf-impr from fMLLR is 1.08534, over 1802 frames.
LOG (gmm-est-fmllr[5.3.1~1-39c8d]:ComputeFmllrMatrixDiagGmmFull():fmllr-diag-gmm.cc:262) fMLLR objf improvement is 1.00333 per frame over 2137 frames.
LOG (gmm-est-fmllr[5.3.1~1-39c8d]:main():gmm-est-fmllr.cc:143) For speaker dre, auxf-impr from fMLLR is 1.00333, over 2137 frames.
LOG (gmm-est-fmllr[5.3.1~1-39c8d]:ComputeFmllrMatrixDiagGmmFull():fmllr-diag-gmm.cc:262) fMLLR objf improvement is 0.972671 per frame over 2176 frames.
LOG (gmm-est-fmllr[5.3.1~1-39c8d]:main():gmm-est-fmllr.cc:143) For speaker grace, auxf-impr from fMLLR is 0.972671, over 2176 frames.
LOG (gmm-est-fmllr[5.3.1~1-39c8d]:ComputeFmllrMatrixDiagGmmFull():fmllr-diag-gmm.cc:262) fMLLR objf improvement is 1.08268 per frame over 1840 frames.
LOG (gmm-est-fmllr[5.3.1~1-39c8d]:main():gmm-est-fmllr.cc:143) For speaker logan, auxf-impr from fMLLR is 1.08268, over 1840 frames.
LOG (gmm-est-fmllr[5.3.1~1-39c8d]:ComputeFmllrMatrixDiagGmmFull():fmllr-diag-gmm.cc:262) fMLLR objf improvement is 1.10349 per frame over 1928 frames.
LOG (gmm-est-fmllr[5.3.1~1-39c8d]:main():gmm-est-fmllr.cc:143) For speaker nikki, auxf-impr from fMLLR is 1.10349, over 1928 frames.
LOG (ali-to-post[5.3.1~1-39c8d]:main():ali-to-post.cc:73) Converted 90 alignments.
LOG (gmm-est-fmllr[5.3.1~1-39c8d]:ComputeFmllrMatrixDiagGmmFull():fmllr-diag-gmm.cc:262) fMLLR objf improvement is 0.577809 per frame over 3012 frames.
LOG (gmm-est-fmllr[5.3.1~1-39c8d]:main():gmm-est-fmllr.cc:143) For speaker rachel, auxf-impr from fMLLR is 0.577809, over 3012 frames.
LOG (weight-silence-post[5.3.1~1-39c8d]:main():weight-silence-post.cc:95) Done 90 posteriors.
LOG (gmm-est-fmllr[5.3.1~1-39c8d]:ComputeFmllrMatrixDiagGmmFull():fmllr-diag-gmm.cc:262) fMLLR objf improvement is 0.772965 per frame over 2528 frames.
LOG (gmm-est-fmllr[5.3.1~1-39c8d]:main():gmm-est-fmllr.cc:143) For speaker sam, auxf-impr from fMLLR is 0.772965, over 2528 frames.
LOG (apply-cmvn[5.3.1~1-39c8d]:main():apply-cmvn.cc:162) Applied cepstral mean normalization to 90 utterances, errors on 0
LOG (transform-feats[5.3.1~1-39c8d]:main():transform-feats.cc:158) Overall average [pseudo-]logdet is -67.2029 over 34969 frames.
LOG (transform-feats[5.3.1~1-39c8d]:main():transform-feats.cc:161) Applied transform to 90 utterances; 0 had errors.
LOG (gmm-est-fmllr[5.3.1~1-39c8d]:ComputeFmllrMatrixDiagGmmFull():fmllr-diag-gmm.cc:262) fMLLR objf improvement is 0.809475 per frame over 2185 frames.
LOG (gmm-est-fmllr[5.3.1~1-39c8d]:main():gmm-est-fmllr.cc:143) For speaker zack, auxf-impr from fMLLR is 0.809475, over 2185 frames.
LOG (gmm-est-fmllr[5.3.1~1-39c8d]:main():gmm-est-fmllr.cc:188) Done 90 files, 0 with no posts, 0 with other errors.
LOG (gmm-est-fmllr[5.3.1~1-39c8d]:main():gmm-est-fmllr.cc:190) Overall fMLLR auxf impr per frame is 0.823355 over 21161 frames.
# Accounting: time=2 threads=1
# Ended (code 0) at Mon Nov 27 21:07:00 EST 2017, elapsed time 2 seconds
