# build-tree --verbose=1 --max-leaves=3500 --cluster-thresh=-1 exp/tri3a/treeacc data/lang/phones/roots.int exp/tri3a/questions.qst data/lang/topo exp/tri3a/tree 
# Started at Mon Nov 27 21:05:50 EST 2017
#
build-tree --verbose=1 --max-leaves=3500 --cluster-thresh=-1 exp/tri3a/treeacc data/lang/phones/roots.int exp/tri3a/questions.qst data/lang/topo exp/tri3a/tree 
LOG (build-tree[5.3.1~1-39c8d]:main():build-tree.cc:100) Number of separate statistics is 401
LOG (build-tree[5.3.1~1-39c8d]:BuildTree():build-tree.cc:159) BuildTree: before building trees, map has 22 leaves.
LOG (build-tree[5.3.1~1-39c8d]:SplitDecisionTree():build-tree-utils.cc:577) DoDecisionTreeSplit: split 96 times, #leaves now 118
LOG (build-tree[5.3.1~1-39c8d]:BuildTree():build-tree.cc:185) Setting clustering threshold to smallest split 300.474
VLOG[1] (build-tree[5.3.1~1-39c8d]:BuildTree():build-tree.cc:194) After decision tree split, num-leaves = 118, like-impr = 7.82826 per frame over 34969 frames.
VLOG[1] (build-tree[5.3.1~1-39c8d]:BuildTree():build-tree.cc:198) Including just phones that were split, improvement is 7.82826 per frame over 34969 frames.
LOG (build-tree[5.3.1~1-39c8d]:BuildTree():build-tree.cc:213) BuildTree: removed 12 leaves.
VLOG[1] (build-tree[5.3.1~1-39c8d]:BuildTree():build-tree.cc:220) Objf change due to clustering -0.0641211 per frame.
VLOG[1] (build-tree[5.3.1~1-39c8d]:BuildTree():build-tree.cc:223) Normalizing over only split phones, this is: -0.0641211 per frame.
VLOG[1] (build-tree[5.3.1~1-39c8d]:BuildTree():build-tree.cc:226) Num-leaves is now 106
VLOG[1] (build-tree[5.3.1~1-39c8d]:main():build-tree.cc:138) For pdf-id 1, low count 0
VLOG[1] (build-tree[5.3.1~1-39c8d]:main():build-tree.cc:138) For pdf-id 8, low count 12
VLOG[1] (build-tree[5.3.1~1-39c8d]:main():build-tree.cc:138) For pdf-id 15, low count 68
VLOG[1] (build-tree[5.3.1~1-39c8d]:main():build-tree.cc:138) For pdf-id 16, low count 70
VLOG[1] (build-tree[5.3.1~1-39c8d]:main():build-tree.cc:138) For pdf-id 20, low count 98
VLOG[1] (build-tree[5.3.1~1-39c8d]:main():build-tree.cc:138) For pdf-id 25, low count 14
VLOG[1] (build-tree[5.3.1~1-39c8d]:main():build-tree.cc:138) For pdf-id 30, low count 57
VLOG[1] (build-tree[5.3.1~1-39c8d]:main():build-tree.cc:138) For pdf-id 31, low count 24
VLOG[1] (build-tree[5.3.1~1-39c8d]:main():build-tree.cc:138) For pdf-id 33, low count 92
VLOG[1] (build-tree[5.3.1~1-39c8d]:main():build-tree.cc:138) For pdf-id 39, low count 66
VLOG[1] (build-tree[5.3.1~1-39c8d]:main():build-tree.cc:138) For pdf-id 40, low count 33
VLOG[1] (build-tree[5.3.1~1-39c8d]:main():build-tree.cc:138) For pdf-id 42, low count 62
VLOG[1] (build-tree[5.3.1~1-39c8d]:main():build-tree.cc:138) For pdf-id 46, low count 21
VLOG[1] (build-tree[5.3.1~1-39c8d]:main():build-tree.cc:138) For pdf-id 47, low count 43
VLOG[1] (build-tree[5.3.1~1-39c8d]:main():build-tree.cc:138) For pdf-id 48, low count 17
VLOG[1] (build-tree[5.3.1~1-39c8d]:main():build-tree.cc:138) For pdf-id 52, low count 28
VLOG[1] (build-tree[5.3.1~1-39c8d]:main():build-tree.cc:138) For pdf-id 56, low count 29
VLOG[1] (build-tree[5.3.1~1-39c8d]:main():build-tree.cc:138) For pdf-id 67, low count 87
VLOG[1] (build-tree[5.3.1~1-39c8d]:main():build-tree.cc:138) For pdf-id 69, low count 36
VLOG[1] (build-tree[5.3.1~1-39c8d]:main():build-tree.cc:138) For pdf-id 75, low count 40
VLOG[1] (build-tree[5.3.1~1-39c8d]:main():build-tree.cc:138) For pdf-id 78, low count 49
VLOG[1] (build-tree[5.3.1~1-39c8d]:main():build-tree.cc:138) For pdf-id 82, low count 53
VLOG[1] (build-tree[5.3.1~1-39c8d]:main():build-tree.cc:138) For pdf-id 83, low count 54
VLOG[1] (build-tree[5.3.1~1-39c8d]:main():build-tree.cc:138) For pdf-id 85, low count 64
VLOG[1] (build-tree[5.3.1~1-39c8d]:main():build-tree.cc:138) For pdf-id 92, low count 19
VLOG[1] (build-tree[5.3.1~1-39c8d]:main():build-tree.cc:138) For pdf-id 94, low count 33
VLOG[1] (build-tree[5.3.1~1-39c8d]:main():build-tree.cc:138) For pdf-id 102, low count 19
VLOG[1] (build-tree[5.3.1~1-39c8d]:main():build-tree.cc:138) For pdf-id 105, low count 29
WARNING (build-tree[5.3.1~1-39c8d]:main():build-tree.cc:180) Saw no stats for following phones: 2 3 4 5 6 7 8 9 10 11 12 14 15 16 18 19 20 22 23 24 26 28 29 30 32 33 34 36 37 38 39 40 42 43 46 47 48 50 53 54 55 57 58 59 62 65 66 69 70 72 73 74 75 77 78 80 82 83 86 88 89 90 
LOG (build-tree[5.3.1~1-39c8d]:main():build-tree.cc:184) Wrote tree
# Accounting: time=1 threads=1
# Ended (code 0) at Mon Nov 27 21:05:51 EST 2017, elapsed time 1 seconds
