# ali-to-post "ark:gunzip -c exp/tri3a/ali.1.gz|" ark:- | weight-silence-post 0.0 1:2:3:4:5:6:7:8:9:10 exp/tri3a/2.mdl ark:- ark:- | gmm-acc-mllt --rand-prune=4.0 exp/tri3a/2.mdl "ark,s,cs:apply-cmvn  --utt2spk=ark:data/train/split1/1/utt2spk scp:data/train/split1/1/cmvn.scp scp:data/train/split1/1/feats.scp ark:- | splice-feats  ark:- ark:- | transform-feats exp/tri3a/0.mat ark:- ark:- |" ark:- exp/tri3a/2.1.macc 
# Started at Mon Nov 27 21:05:52 EST 2017
#
ali-to-post 'ark:gunzip -c exp/tri3a/ali.1.gz|' ark:- 
weight-silence-post 0.0 1:2:3:4:5:6:7:8:9:10 exp/tri3a/2.mdl ark:- ark:- 
gmm-acc-mllt --rand-prune=4.0 exp/tri3a/2.mdl 'ark,s,cs:apply-cmvn  --utt2spk=ark:data/train/split1/1/utt2spk scp:data/train/split1/1/cmvn.scp scp:data/train/split1/1/feats.scp ark:- | splice-feats  ark:- ark:- | transform-feats exp/tri3a/0.mat ark:- ark:- |' ark:- exp/tri3a/2.1.macc 
transform-feats exp/tri3a/0.mat ark:- ark:- 
splice-feats ark:- ark:- 
apply-cmvn --utt2spk=ark:data/train/split1/1/utt2spk scp:data/train/split1/1/cmvn.scp scp:data/train/split1/1/feats.scp ark:- 
LOG (gmm-acc-mllt[5.3.1~1-39c8d]:main():gmm-acc-mllt.cc:108) Average like for this file is -51.9144 over 488 frames.
LOG (gmm-acc-mllt[5.3.1~1-39c8d]:main():gmm-acc-mllt.cc:108) Average like for this file is -52.3409 over 297 frames.
LOG (gmm-acc-mllt[5.3.1~1-39c8d]:main():gmm-acc-mllt.cc:108) Average like for this file is -60.8894 over 207 frames.
LOG (gmm-acc-mllt[5.3.1~1-39c8d]:main():gmm-acc-mllt.cc:108) Average like for this file is -54.2707 over 396 frames.
LOG (gmm-acc-mllt[5.3.1~1-39c8d]:main():gmm-acc-mllt.cc:108) Average like for this file is -51.6687 over 438 frames.
LOG (gmm-acc-mllt[5.3.1~1-39c8d]:main():gmm-acc-mllt.cc:108) Average like for this file is -49.4372 over 529 frames.
LOG (gmm-acc-mllt[5.3.1~1-39c8d]:main():gmm-acc-mllt.cc:108) Average like for this file is -59.7327 over 238 frames.
LOG (gmm-acc-mllt[5.3.1~1-39c8d]:main():gmm-acc-mllt.cc:108) Average like for this file is -55.5299 over 259 frames.
LOG (gmm-acc-mllt[5.3.1~1-39c8d]:main():gmm-acc-mllt.cc:108) Average like for this file is -47.5519 over 337 frames.
LOG (gmm-acc-mllt[5.3.1~1-39c8d]:main():gmm-acc-mllt.cc:108) Average like for this file is -54.9462 over 498 frames.
LOG (gmm-acc-mllt[5.3.1~1-39c8d]:main():gmm-acc-mllt.cc:114) Avg like per frame so far is -53.0905
LOG (gmm-acc-mllt[5.3.1~1-39c8d]:main():gmm-acc-mllt.cc:108) Average like for this file is -46.1205 over 400 frames.
LOG (gmm-acc-mllt[5.3.1~1-39c8d]:main():gmm-acc-mllt.cc:108) Average like for this file is -56.6963 over 149 frames.
LOG (gmm-acc-mllt[5.3.1~1-39c8d]:main():gmm-acc-mllt.cc:108) Average like for this file is -51.1904 over 157 frames.
LOG (gmm-acc-mllt[5.3.1~1-39c8d]:main():gmm-acc-mllt.cc:108) Average like for this file is -56.3036 over 115 frames.
LOG (gmm-acc-mllt[5.3.1~1-39c8d]:main():gmm-acc-mllt.cc:108) Average like for this file is -55.059 over 137 frames.
LOG (gmm-acc-mllt[5.3.1~1-39c8d]:main():gmm-acc-mllt.cc:108) Average like for this file is -57.6808 over 118 frames.
LOG (gmm-acc-mllt[5.3.1~1-39c8d]:main():gmm-acc-mllt.cc:108) Average like for this file is -52.3596 over 147 frames.
LOG (gmm-acc-mllt[5.3.1~1-39c8d]:main():gmm-acc-mllt.cc:108) Average like for this file is -51.436 over 205 frames.
LOG (gmm-acc-mllt[5.3.1~1-39c8d]:main():gmm-acc-mllt.cc:108) Average like for this file is -59.5878 over 134 frames.
LOG (gmm-acc-mllt[5.3.1~1-39c8d]:main():gmm-acc-mllt.cc:108) Average like for this file is -49.1679 over 236 frames.
LOG (gmm-acc-mllt[5.3.1~1-39c8d]:main():gmm-acc-mllt.cc:114) Avg like per frame so far is -52.7496
LOG (gmm-acc-mllt[5.3.1~1-39c8d]:main():gmm-acc-mllt.cc:108) Average like for this file is -53.2184 over 279 frames.
LOG (gmm-acc-mllt[5.3.1~1-39c8d]:main():gmm-acc-mllt.cc:108) Average like for this file is -59.0451 over 144 frames.
LOG (gmm-acc-mllt[5.3.1~1-39c8d]:main():gmm-acc-mllt.cc:108) Average like for this file is -52.3421 over 228 frames.
LOG (gmm-acc-mllt[5.3.1~1-39c8d]:main():gmm-acc-mllt.cc:108) Average like for this file is -59.8961 over 241 frames.
LOG (gmm-acc-mllt[5.3.1~1-39c8d]:main():gmm-acc-mllt.cc:108) Average like for this file is -55.016 over 213 frames.
LOG (gmm-acc-mllt[5.3.1~1-39c8d]:main():gmm-acc-mllt.cc:108) Average like for this file is -51.7182 over 290 frames.
LOG (gmm-acc-mllt[5.3.1~1-39c8d]:main():gmm-acc-mllt.cc:108) Average like for this file is -64.7078 over 157 frames.
LOG (gmm-acc-mllt[5.3.1~1-39c8d]:main():gmm-acc-mllt.cc:108) Average like for this file is -56.4463 over 188 frames.
LOG (gmm-acc-mllt[5.3.1~1-39c8d]:main():gmm-acc-mllt.cc:108) Average like for this file is -62.0474 over 166 frames.
LOG (gmm-acc-mllt[5.3.1~1-39c8d]:main():gmm-acc-mllt.cc:108) Average like for this file is -50.6339 over 208 frames.
LOG (gmm-acc-mllt[5.3.1~1-39c8d]:main():gmm-acc-mllt.cc:114) Avg like per frame so far is -53.6084
LOG (gmm-acc-mllt[5.3.1~1-39c8d]:main():gmm-acc-mllt.cc:108) Average like for this file is -55.6736 over 268 frames.
LOG (gmm-acc-mllt[5.3.1~1-39c8d]:main():gmm-acc-mllt.cc:108) Average like for this file is -53.8087 over 291 frames.
LOG (gmm-acc-mllt[5.3.1~1-39c8d]:main():gmm-acc-mllt.cc:108) Average like for this file is -49.2199 over 261 frames.
LOG (gmm-acc-mllt[5.3.1~1-39c8d]:main():gmm-acc-mllt.cc:108) Average like for this file is -57.2008 over 175 frames.
LOG (gmm-acc-mllt[5.3.1~1-39c8d]:main():gmm-acc-mllt.cc:108) Average like for this file is -52.6563 over 224 frames.
LOG (gmm-acc-mllt[5.3.1~1-39c8d]:main():gmm-acc-mllt.cc:108) Average like for this file is -57.6757 over 241 frames.
LOG (gmm-acc-mllt[5.3.1~1-39c8d]:main():gmm-acc-mllt.cc:108) Average like for this file is -61.757 over 140 frames.
LOG (gmm-acc-mllt[5.3.1~1-39c8d]:main():gmm-acc-mllt.cc:108) Average like for this file is -60.6065 over 155 frames.
LOG (gmm-acc-mllt[5.3.1~1-39c8d]:main():gmm-acc-mllt.cc:108) Average like for this file is -55.2724 over 246 frames.
LOG (gmm-acc-mllt[5.3.1~1-39c8d]:main():gmm-acc-mllt.cc:108) Average like for this file is -59.3431 over 165 frames.
LOG (gmm-acc-mllt[5.3.1~1-39c8d]:main():gmm-acc-mllt.cc:114) Avg like per frame so far is -54.0634
LOG (gmm-acc-mllt[5.3.1~1-39c8d]:main():gmm-acc-mllt.cc:108) Average like for this file is -51.1209 over 219 frames.
LOG (gmm-acc-mllt[5.3.1~1-39c8d]:main():gmm-acc-mllt.cc:108) Average like for this file is -56.9803 over 189 frames.
LOG (gmm-acc-mllt[5.3.1~1-39c8d]:main():gmm-acc-mllt.cc:108) Average like for this file is -53.6393 over 148 frames.
LOG (gmm-acc-mllt[5.3.1~1-39c8d]:main():gmm-acc-mllt.cc:108) Average like for this file is -53.065 over 225 frames.
LOG (gmm-acc-mllt[5.3.1~1-39c8d]:main():gmm-acc-mllt.cc:108) Average like for this file is -56.1322 over 174 frames.
LOG (gmm-acc-mllt[5.3.1~1-39c8d]:main():gmm-acc-mllt.cc:108) Average like for this file is -55.094 over 155 frames.
LOG (gmm-acc-mllt[5.3.1~1-39c8d]:main():gmm-acc-mllt.cc:108) Average like for this file is -59.3261 over 144 frames.
LOG (gmm-acc-mllt[5.3.1~1-39c8d]:main():gmm-acc-mllt.cc:108) Average like for this file is -44.0307 over 244 frames.
LOG (gmm-acc-mllt[5.3.1~1-39c8d]:main():gmm-acc-mllt.cc:108) Average like for this file is -52.9943 over 173 frames.
LOG (gmm-acc-mllt[5.3.1~1-39c8d]:main():gmm-acc-mllt.cc:108) Average like for this file is -55.1792 over 170 frames.
LOG (gmm-acc-mllt[5.3.1~1-39c8d]:main():gmm-acc-mllt.cc:114) Avg like per frame so far is -53.9302
LOG (gmm-acc-mllt[5.3.1~1-39c8d]:main():gmm-acc-mllt.cc:108) Average like for this file is -57.0428 over 185 frames.
LOG (gmm-acc-mllt[5.3.1~1-39c8d]:main():gmm-acc-mllt.cc:108) Average like for this file is -57.0425 over 211 frames.
LOG (gmm-acc-mllt[5.3.1~1-39c8d]:main():gmm-acc-mllt.cc:108) Average like for this file is -56.7194 over 155 frames.
LOG (gmm-acc-mllt[5.3.1~1-39c8d]:main():gmm-acc-mllt.cc:108) Average like for this file is -60.2929 over 168 frames.
LOG (gmm-acc-mllt[5.3.1~1-39c8d]:main():gmm-acc-mllt.cc:108) Average like for this file is -54.9459 over 247 frames.
LOG (gmm-acc-mllt[5.3.1~1-39c8d]:main():gmm-acc-mllt.cc:108) Average like for this file is -55.4836 over 221 frames.
LOG (gmm-acc-mllt[5.3.1~1-39c8d]:main():gmm-acc-mllt.cc:108) Average like for this file is -58.5256 over 189 frames.
LOG (gmm-acc-mllt[5.3.1~1-39c8d]:main():gmm-acc-mllt.cc:108) Average like for this file is -56.7571 over 165 frames.
LOG (gmm-acc-mllt[5.3.1~1-39c8d]:main():gmm-acc-mllt.cc:108) Average like for this file is -54.2107 over 242 frames.
LOG (gmm-acc-mllt[5.3.1~1-39c8d]:main():gmm-acc-mllt.cc:108) Average like for this file is -62.5828 over 168 frames.
LOG (gmm-acc-mllt[5.3.1~1-39c8d]:main():gmm-acc-mllt.cc:114) Avg like per frame so far is -54.3864
LOG (gmm-acc-mllt[5.3.1~1-39c8d]:main():gmm-acc-mllt.cc:108) Average like for this file is -52.6411 over 258 frames.
LOG (gmm-acc-mllt[5.3.1~1-39c8d]:main():gmm-acc-mllt.cc:108) Average like for this file is -51.464 over 258 frames.
LOG (gmm-acc-mllt[5.3.1~1-39c8d]:main():gmm-acc-mllt.cc:108) Average like for this file is -50.2683 over 252 frames.
LOG (gmm-acc-mllt[5.3.1~1-39c8d]:main():gmm-acc-mllt.cc:108) Average like for this file is -55.1481 over 244 frames.
LOG (gmm-acc-mllt[5.3.1~1-39c8d]:main():gmm-acc-mllt.cc:108) Average like for this file is -47.5212 over 424 frames.
LOG (gmm-acc-mllt[5.3.1~1-39c8d]:main():gmm-acc-mllt.cc:108) Average like for this file is -45.9714 over 429 frames.
LOG (gmm-acc-mllt[5.3.1~1-39c8d]:main():gmm-acc-mllt.cc:108) Average like for this file is -52.3898 over 281 frames.
LOG (ali-to-post[5.3.1~1-39c8d]:main():ali-to-post.cc:73) Converted 90 alignments.
LOG (gmm-acc-mllt[5.3.1~1-39c8d]:main():gmm-acc-mllt.cc:108) Average like for this file is -48.5798 over 344 frames.
LOG (gmm-acc-mllt[5.3.1~1-39c8d]:main():gmm-acc-mllt.cc:108) Average like for this file is -53.6286 over 262 frames.
LOG (gmm-acc-mllt[5.3.1~1-39c8d]:main():gmm-acc-mllt.cc:108) Average like for this file is -55.4701 over 262 frames.
LOG (gmm-acc-mllt[5.3.1~1-39c8d]:main():gmm-acc-mllt.cc:114) Avg like per frame so far is -53.7195
LOG (gmm-acc-mllt[5.3.1~1-39c8d]:main():gmm-acc-mllt.cc:108) Average like for this file is -49.4573 over 324 frames.
LOG (gmm-acc-mllt[5.3.1~1-39c8d]:main():gmm-acc-mllt.cc:108) Average like for this file is -51.487 over 276 frames.
LOG (gmm-acc-mllt[5.3.1~1-39c8d]:main():gmm-acc-mllt.cc:108) Average like for this file is -49.8209 over 313 frames.
LOG (gmm-acc-mllt[5.3.1~1-39c8d]:main():gmm-acc-mllt.cc:108) Average like for this file is -47.6215 over 305 frames.
LOG (gmm-acc-mllt[5.3.1~1-39c8d]:main():gmm-acc-mllt.cc:108) Average like for this file is -52.7378 over 299 frames.
LOG (gmm-acc-mllt[5.3.1~1-39c8d]:main():gmm-acc-mllt.cc:108) Average like for this file is -61.5685 over 176 frames.
LOG (weight-silence-post[5.3.1~1-39c8d]:main():weight-silence-post.cc:95) Done 90 posteriors.
LOG (gmm-acc-mllt[5.3.1~1-39c8d]:main():gmm-acc-mllt.cc:108) Average like for this file is -57.9108 over 231 frames.
LOG (gmm-acc-mllt[5.3.1~1-39c8d]:main():gmm-acc-mllt.cc:108) Average like for this file is -60.3771 over 167 frames.
LOG (gmm-acc-mllt[5.3.1~1-39c8d]:main():gmm-acc-mllt.cc:108) Average like for this file is -53.82 over 226 frames.
LOG (gmm-acc-mllt[5.3.1~1-39c8d]:main():gmm-acc-mllt.cc:108) Average like for this file is -59.3729 over 213 frames.
LOG (gmm-acc-mllt[5.3.1~1-39c8d]:main():gmm-acc-mllt.cc:114) Avg like per frame so far is -53.6838
LOG (gmm-acc-mllt[5.3.1~1-39c8d]:main():gmm-acc-mllt.cc:108) Average like for this file is -57.0225 over 230 frames.
LOG (gmm-acc-mllt[5.3.1~1-39c8d]:main():gmm-acc-mllt.cc:108) Average like for this file is -59.8749 over 210 frames.
LOG (apply-cmvn[5.3.1~1-39c8d]:main():apply-cmvn.cc:162) Applied cepstral mean normalization to 90 utterances, errors on 0
LOG (gmm-acc-mllt[5.3.1~1-39c8d]:main():gmm-acc-mllt.cc:108) Average like for this file is -60.4437 over 220 frames.
LOG (gmm-acc-mllt[5.3.1~1-39c8d]:main():gmm-acc-mllt.cc:108) Average like for this file is -58.3639 over 225 frames.
LOG (gmm-acc-mllt[5.3.1~1-39c8d]:main():gmm-acc-mllt.cc:108) Average like for this file is -58.8251 over 175 frames.
LOG (gmm-acc-mllt[5.3.1~1-39c8d]:main():gmm-acc-mllt.cc:108) Average like for this file is -55.1782 over 250 frames.
LOG (gmm-acc-mllt[5.3.1~1-39c8d]:main():gmm-acc-mllt.cc:108) Average like for this file is -57.5288 over 228 frames.
LOG (gmm-acc-mllt[5.3.1~1-39c8d]:main():gmm-acc-mllt.cc:108) Average like for this file is -54.4616 over 252 frames.
LOG (transform-feats[5.3.1~1-39c8d]:main():transform-feats.cc:158) Overall average [pseudo-]logdet is -71.2666 over 34969 frames.
LOG (transform-feats[5.3.1~1-39c8d]:main():transform-feats.cc:161) Applied transform to 90 utterances; 0 had errors.
LOG (gmm-acc-mllt[5.3.1~1-39c8d]:main():gmm-acc-mllt.cc:108) Average like for this file is -58.887 over 196 frames.
LOG (gmm-acc-mllt[5.3.1~1-39c8d]:main():gmm-acc-mllt.cc:108) Average like for this file is -58.8571 over 190 frames.
LOG (gmm-acc-mllt[5.3.1~1-39c8d]:main():gmm-acc-mllt.cc:114) Avg like per frame so far is -54.1048
LOG (gmm-acc-mllt[5.3.1~1-39c8d]:main():gmm-acc-mllt.cc:119) Done 90 files, 0 with no posteriors, 0 with other errors.
LOG (gmm-acc-mllt[5.3.1~1-39c8d]:main():gmm-acc-mllt.cc:123) Overall avg like per frame (Gaussian only) = -54.1048 over 21277 frames.
LOG (gmm-acc-mllt[5.3.1~1-39c8d]:main():gmm-acc-mllt.cc:127) Written accs.
# Accounting: time=0 threads=1
# Ended (code 0) at Mon Nov 27 21:05:52 EST 2017, elapsed time 0 seconds
