# ali-to-post "ark:gunzip -c exp/tri3a/ali.1.gz|" ark:- | weight-silence-post 0.0 1:2:3:4:5:6:7:8:9:10 exp/tri3a/12.mdl ark:- ark:- | gmm-acc-mllt --rand-prune=4.0 exp/tri3a/12.mdl "ark,s,cs:apply-cmvn  --utt2spk=ark:data/train/split1/1/utt2spk scp:data/train/split1/1/cmvn.scp scp:data/train/split1/1/feats.scp ark:- | splice-feats  ark:- ark:- | transform-feats exp/tri3a/6.mat ark:- ark:- |" ark:- exp/tri3a/12.1.macc 
# Started at Mon Nov 27 21:06:14 EST 2017
#
gmm-acc-mllt --rand-prune=4.0 exp/tri3a/12.mdl 'ark,s,cs:apply-cmvn  --utt2spk=ark:data/train/split1/1/utt2spk scp:data/train/split1/1/cmvn.scp scp:data/train/split1/1/feats.scp ark:- | splice-feats  ark:- ark:- | transform-feats exp/tri3a/6.mat ark:- ark:- |' ark:- exp/tri3a/12.1.macc 
ali-to-post 'ark:gunzip -c exp/tri3a/ali.1.gz|' ark:- 
weight-silence-post 0.0 1:2:3:4:5:6:7:8:9:10 exp/tri3a/12.mdl ark:- ark:- 
splice-feats ark:- ark:- 
apply-cmvn --utt2spk=ark:data/train/split1/1/utt2spk scp:data/train/split1/1/cmvn.scp scp:data/train/split1/1/feats.scp ark:- 
transform-feats exp/tri3a/6.mat ark:- ark:- 
LOG (gmm-acc-mllt[5.3.1~1-39c8d]:main():gmm-acc-mllt.cc:108) Average like for this file is -44.939 over 486 frames.
LOG (gmm-acc-mllt[5.3.1~1-39c8d]:main():gmm-acc-mllt.cc:108) Average like for this file is -45.5918 over 297 frames.
LOG (gmm-acc-mllt[5.3.1~1-39c8d]:main():gmm-acc-mllt.cc:108) Average like for this file is -50.0058 over 204 frames.
LOG (gmm-acc-mllt[5.3.1~1-39c8d]:main():gmm-acc-mllt.cc:108) Average like for this file is -47.588 over 396 frames.
LOG (gmm-acc-mllt[5.3.1~1-39c8d]:main():gmm-acc-mllt.cc:108) Average like for this file is -44.0203 over 437 frames.
LOG (gmm-acc-mllt[5.3.1~1-39c8d]:main():gmm-acc-mllt.cc:108) Average like for this file is -43.6467 over 535 frames.
LOG (gmm-acc-mllt[5.3.1~1-39c8d]:main():gmm-acc-mllt.cc:108) Average like for this file is -49.4314 over 98 frames.
LOG (gmm-acc-mllt[5.3.1~1-39c8d]:main():gmm-acc-mllt.cc:108) Average like for this file is -48.4418 over 258 frames.
LOG (gmm-acc-mllt[5.3.1~1-39c8d]:main():gmm-acc-mllt.cc:108) Average like for this file is -41.6483 over 347 frames.
LOG (gmm-acc-mllt[5.3.1~1-39c8d]:main():gmm-acc-mllt.cc:108) Average like for this file is -48.28 over 499 frames.
LOG (gmm-acc-mllt[5.3.1~1-39c8d]:main():gmm-acc-mllt.cc:114) Avg like per frame so far is -45.7973
LOG (gmm-acc-mllt[5.3.1~1-39c8d]:main():gmm-acc-mllt.cc:108) Average like for this file is -41.1242 over 399 frames.
LOG (gmm-acc-mllt[5.3.1~1-39c8d]:main():gmm-acc-mllt.cc:108) Average like for this file is -49.6116 over 149 frames.
LOG (gmm-acc-mllt[5.3.1~1-39c8d]:main():gmm-acc-mllt.cc:108) Average like for this file is -45.4355 over 154 frames.
LOG (gmm-acc-mllt[5.3.1~1-39c8d]:main():gmm-acc-mllt.cc:108) Average like for this file is -47.8389 over 116 frames.
LOG (gmm-acc-mllt[5.3.1~1-39c8d]:main():gmm-acc-mllt.cc:108) Average like for this file is -49.023 over 139 frames.
LOG (gmm-acc-mllt[5.3.1~1-39c8d]:main():gmm-acc-mllt.cc:108) Average like for this file is -49.5582 over 119 frames.
LOG (gmm-acc-mllt[5.3.1~1-39c8d]:main():gmm-acc-mllt.cc:108) Average like for this file is -44.743 over 149 frames.
LOG (gmm-acc-mllt[5.3.1~1-39c8d]:main():gmm-acc-mllt.cc:108) Average like for this file is -44.2146 over 206 frames.
LOG (gmm-acc-mllt[5.3.1~1-39c8d]:main():gmm-acc-mllt.cc:108) Average like for this file is -53.6674 over 134 frames.
LOG (gmm-acc-mllt[5.3.1~1-39c8d]:main():gmm-acc-mllt.cc:108) Average like for this file is -43.4049 over 237 frames.
LOG (gmm-acc-mllt[5.3.1~1-39c8d]:main():gmm-acc-mllt.cc:114) Avg like per frame so far is -45.7572
LOG (gmm-acc-mllt[5.3.1~1-39c8d]:main():gmm-acc-mllt.cc:108) Average like for this file is -47.6164 over 279 frames.
LOG (gmm-acc-mllt[5.3.1~1-39c8d]:main():gmm-acc-mllt.cc:108) Average like for this file is -53.1068 over 148 frames.
LOG (gmm-acc-mllt[5.3.1~1-39c8d]:main():gmm-acc-mllt.cc:108) Average like for this file is -47.422 over 229 frames.
LOG (gmm-acc-mllt[5.3.1~1-39c8d]:main():gmm-acc-mllt.cc:108) Average like for this file is -53.7258 over 241 frames.
LOG (gmm-acc-mllt[5.3.1~1-39c8d]:main():gmm-acc-mllt.cc:108) Average like for this file is -51.2946 over 213 frames.
LOG (gmm-acc-mllt[5.3.1~1-39c8d]:main():gmm-acc-mllt.cc:108) Average like for this file is -46.9114 over 290 frames.
LOG (gmm-acc-mllt[5.3.1~1-39c8d]:main():gmm-acc-mllt.cc:108) Average like for this file is -57.9415 over 157 frames.
LOG (gmm-acc-mllt[5.3.1~1-39c8d]:main():gmm-acc-mllt.cc:108) Average like for this file is -51.4698 over 188 frames.
LOG (gmm-acc-mllt[5.3.1~1-39c8d]:main():gmm-acc-mllt.cc:108) Average like for this file is -54.4927 over 173 frames.
LOG (gmm-acc-mllt[5.3.1~1-39c8d]:main():gmm-acc-mllt.cc:108) Average like for this file is -45.7357 over 217 frames.
LOG (gmm-acc-mllt[5.3.1~1-39c8d]:main():gmm-acc-mllt.cc:114) Avg like per frame so far is -47.0804
LOG (gmm-acc-mllt[5.3.1~1-39c8d]:main():gmm-acc-mllt.cc:108) Average like for this file is -50.3657 over 263 frames.
LOG (gmm-acc-mllt[5.3.1~1-39c8d]:main():gmm-acc-mllt.cc:108) Average like for this file is -48.3998 over 300 frames.
LOG (gmm-acc-mllt[5.3.1~1-39c8d]:main():gmm-acc-mllt.cc:108) Average like for this file is -44.7933 over 259 frames.
LOG (gmm-acc-mllt[5.3.1~1-39c8d]:main():gmm-acc-mllt.cc:108) Average like for this file is -51.2972 over 177 frames.
LOG (gmm-acc-mllt[5.3.1~1-39c8d]:main():gmm-acc-mllt.cc:108) Average like for this file is -46.2984 over 226 frames.
LOG (gmm-acc-mllt[5.3.1~1-39c8d]:main():gmm-acc-mllt.cc:108) Average like for this file is -49.755 over 243 frames.
LOG (gmm-acc-mllt[5.3.1~1-39c8d]:main():gmm-acc-mllt.cc:108) Average like for this file is -56.1079 over 140 frames.
LOG (gmm-acc-mllt[5.3.1~1-39c8d]:main():gmm-acc-mllt.cc:108) Average like for this file is -56.1815 over 155 frames.
LOG (gmm-acc-mllt[5.3.1~1-39c8d]:main():gmm-acc-mllt.cc:108) Average like for this file is -51.2543 over 248 frames.
LOG (gmm-acc-mllt[5.3.1~1-39c8d]:main():gmm-acc-mllt.cc:108) Average like for this file is -53.4935 over 165 frames.
LOG (gmm-acc-mllt[5.3.1~1-39c8d]:main():gmm-acc-mllt.cc:114) Avg like per frame so far is -47.7686
LOG (gmm-acc-mllt[5.3.1~1-39c8d]:main():gmm-acc-mllt.cc:108) Average like for this file is -44.4295 over 219 frames.
LOG (gmm-acc-mllt[5.3.1~1-39c8d]:main():gmm-acc-mllt.cc:108) Average like for this file is -47.9699 over 190 frames.
LOG (gmm-acc-mllt[5.3.1~1-39c8d]:main():gmm-acc-mllt.cc:108) Average like for this file is -47.1879 over 148 frames.
LOG (gmm-acc-mllt[5.3.1~1-39c8d]:main():gmm-acc-mllt.cc:108) Average like for this file is -45.6179 over 225 frames.
LOG (gmm-acc-mllt[5.3.1~1-39c8d]:main():gmm-acc-mllt.cc:108) Average like for this file is -49.1342 over 170 frames.
LOG (gmm-acc-mllt[5.3.1~1-39c8d]:main():gmm-acc-mllt.cc:108) Average like for this file is -48.5617 over 156 frames.
LOG (gmm-acc-mllt[5.3.1~1-39c8d]:main():gmm-acc-mllt.cc:108) Average like for this file is -52.4454 over 144 frames.
LOG (gmm-acc-mllt[5.3.1~1-39c8d]:main():gmm-acc-mllt.cc:108) Average like for this file is -40.5784 over 242 frames.
LOG (gmm-acc-mllt[5.3.1~1-39c8d]:main():gmm-acc-mllt.cc:108) Average like for this file is -47.8137 over 174 frames.
LOG (gmm-acc-mllt[5.3.1~1-39c8d]:main():gmm-acc-mllt.cc:108) Average like for this file is -49.0995 over 171 frames.
LOG (gmm-acc-mllt[5.3.1~1-39c8d]:main():gmm-acc-mllt.cc:114) Avg like per frame so far is -47.6176
LOG (gmm-acc-mllt[5.3.1~1-39c8d]:main():gmm-acc-mllt.cc:108) Average like for this file is -49.2256 over 187 frames.
LOG (gmm-acc-mllt[5.3.1~1-39c8d]:main():gmm-acc-mllt.cc:108) Average like for this file is -48.4459 over 212 frames.
LOG (gmm-acc-mllt[5.3.1~1-39c8d]:main():gmm-acc-mllt.cc:108) Average like for this file is -49.1057 over 157 frames.
LOG (gmm-acc-mllt[5.3.1~1-39c8d]:main():gmm-acc-mllt.cc:108) Average like for this file is -49.9541 over 147 frames.
LOG (gmm-acc-mllt[5.3.1~1-39c8d]:main():gmm-acc-mllt.cc:108) Average like for this file is -48.1576 over 248 frames.
LOG (gmm-acc-mllt[5.3.1~1-39c8d]:main():gmm-acc-mllt.cc:108) Average like for this file is -48.6842 over 221 frames.
LOG (gmm-acc-mllt[5.3.1~1-39c8d]:main():gmm-acc-mllt.cc:108) Average like for this file is -50.4616 over 187 frames.
LOG (gmm-acc-mllt[5.3.1~1-39c8d]:main():gmm-acc-mllt.cc:108) Average like for this file is -47.9119 over 163 frames.
LOG (gmm-acc-mllt[5.3.1~1-39c8d]:main():gmm-acc-mllt.cc:108) Average like for this file is -47.8076 over 242 frames.
LOG (gmm-acc-mllt[5.3.1~1-39c8d]:main():gmm-acc-mllt.cc:108) Average like for this file is -55.8081 over 170 frames.
LOG (gmm-acc-mllt[5.3.1~1-39c8d]:main():gmm-acc-mllt.cc:114) Avg like per frame so far is -47.8736
LOG (gmm-acc-mllt[5.3.1~1-39c8d]:main():gmm-acc-mllt.cc:108) Average like for this file is -47.6762 over 258 frames.
LOG (gmm-acc-mllt[5.3.1~1-39c8d]:main():gmm-acc-mllt.cc:108) Average like for this file is -45.4629 over 256 frames.
LOG (gmm-acc-mllt[5.3.1~1-39c8d]:main():gmm-acc-mllt.cc:108) Average like for this file is -44.3309 over 252 frames.
LOG (gmm-acc-mllt[5.3.1~1-39c8d]:main():gmm-acc-mllt.cc:108) Average like for this file is -47.4747 over 245 frames.
LOG (gmm-acc-mllt[5.3.1~1-39c8d]:main():gmm-acc-mllt.cc:108) Average like for this file is -42.0704 over 424 frames.
LOG (gmm-acc-mllt[5.3.1~1-39c8d]:main():gmm-acc-mllt.cc:108) Average like for this file is -40.7746 over 429 frames.
LOG (gmm-acc-mllt[5.3.1~1-39c8d]:main():gmm-acc-mllt.cc:108) Average like for this file is -45.7702 over 281 frames.
LOG (ali-to-post[5.3.1~1-39c8d]:main():ali-to-post.cc:73) Converted 90 alignments.
LOG (gmm-acc-mllt[5.3.1~1-39c8d]:main():gmm-acc-mllt.cc:108) Average like for this file is -42.1644 over 345 frames.
LOG (gmm-acc-mllt[5.3.1~1-39c8d]:main():gmm-acc-mllt.cc:108) Average like for this file is -48.7352 over 264 frames.
LOG (gmm-acc-mllt[5.3.1~1-39c8d]:main():gmm-acc-mllt.cc:108) Average like for this file is -47.18 over 261 frames.
LOG (gmm-acc-mllt[5.3.1~1-39c8d]:main():gmm-acc-mllt.cc:114) Avg like per frame so far is -47.2855
LOG (gmm-acc-mllt[5.3.1~1-39c8d]:main():gmm-acc-mllt.cc:108) Average like for this file is -45.018 over 325 frames.
LOG (gmm-acc-mllt[5.3.1~1-39c8d]:main():gmm-acc-mllt.cc:108) Average like for this file is -45.386 over 275 frames.
LOG (gmm-acc-mllt[5.3.1~1-39c8d]:main():gmm-acc-mllt.cc:108) Average like for this file is -44.2098 over 315 frames.
LOG (gmm-acc-mllt[5.3.1~1-39c8d]:main():gmm-acc-mllt.cc:108) Average like for this file is -43.0449 over 303 frames.
LOG (gmm-acc-mllt[5.3.1~1-39c8d]:main():gmm-acc-mllt.cc:108) Average like for this file is -46.9961 over 298 frames.
LOG (gmm-acc-mllt[5.3.1~1-39c8d]:main():gmm-acc-mllt.cc:108) Average like for this file is -54.566 over 179 frames.
LOG (weight-silence-post[5.3.1~1-39c8d]:main():weight-silence-post.cc:95) Done 90 posteriors.
LOG (gmm-acc-mllt[5.3.1~1-39c8d]:main():gmm-acc-mllt.cc:108) Average like for this file is -53.1075 over 230 frames.
LOG (gmm-acc-mllt[5.3.1~1-39c8d]:main():gmm-acc-mllt.cc:108) Average like for this file is -53.1671 over 162 frames.
LOG (gmm-acc-mllt[5.3.1~1-39c8d]:main():gmm-acc-mllt.cc:108) Average like for this file is -47.8415 over 227 frames.
LOG (gmm-acc-mllt[5.3.1~1-39c8d]:main():gmm-acc-mllt.cc:108) Average like for this file is -52.033 over 214 frames.
LOG (gmm-acc-mllt[5.3.1~1-39c8d]:main():gmm-acc-mllt.cc:114) Avg like per frame so far is -47.3454
LOG (gmm-acc-mllt[5.3.1~1-39c8d]:main():gmm-acc-mllt.cc:108) Average like for this file is -49.5839 over 236 frames.
LOG (gmm-acc-mllt[5.3.1~1-39c8d]:main():gmm-acc-mllt.cc:108) Average like for this file is -52.8844 over 212 frames.
LOG (apply-cmvn[5.3.1~1-39c8d]:main():apply-cmvn.cc:162) Applied cepstral mean normalization to 90 utterances, errors on 0
LOG (gmm-acc-mllt[5.3.1~1-39c8d]:main():gmm-acc-mllt.cc:108) Average like for this file is -52.4215 over 220 frames.
LOG (gmm-acc-mllt[5.3.1~1-39c8d]:main():gmm-acc-mllt.cc:108) Average like for this file is -51.3288 over 225 frames.
LOG (gmm-acc-mllt[5.3.1~1-39c8d]:main():gmm-acc-mllt.cc:108) Average like for this file is -50.8637 over 176 frames.
LOG (gmm-acc-mllt[5.3.1~1-39c8d]:main():gmm-acc-mllt.cc:108) Average like for this file is -48.6552 over 251 frames.
LOG (gmm-acc-mllt[5.3.1~1-39c8d]:main():gmm-acc-mllt.cc:108) Average like for this file is -50.1257 over 227 frames.
LOG (gmm-acc-mllt[5.3.1~1-39c8d]:main():gmm-acc-mllt.cc:108) Average like for this file is -46.5598 over 252 frames.
LOG (transform-feats[5.3.1~1-39c8d]:main():transform-feats.cc:158) Overall average [pseudo-]logdet is -67.6368 over 34969 frames.
LOG (transform-feats[5.3.1~1-39c8d]:main():transform-feats.cc:161) Applied transform to 90 utterances; 0 had errors.
LOG (gmm-acc-mllt[5.3.1~1-39c8d]:main():gmm-acc-mllt.cc:108) Average like for this file is -50.25 over 196 frames.
LOG (gmm-acc-mllt[5.3.1~1-39c8d]:main():gmm-acc-mllt.cc:108) Average like for this file is -49.9449 over 190 frames.
LOG (gmm-acc-mllt[5.3.1~1-39c8d]:main():gmm-acc-mllt.cc:114) Avg like per frame so far is -47.6364
LOG (gmm-acc-mllt[5.3.1~1-39c8d]:main():gmm-acc-mllt.cc:119) Done 90 files, 0 with no posteriors, 0 with other errors.
LOG (gmm-acc-mllt[5.3.1~1-39c8d]:main():gmm-acc-mllt.cc:123) Overall avg like per frame (Gaussian only) = -47.6364 over 21171 frames.
LOG (gmm-acc-mllt[5.3.1~1-39c8d]:main():gmm-acc-mllt.cc:127) Written accs.
# Accounting: time=0 threads=1
# Ended (code 0) at Mon Nov 27 21:06:14 EST 2017, elapsed time 0 seconds
