# gmm-est --write-occs=exp/tri3a/10.occs --mix-up=8780 --power=0.25 exp/tri3a/9.mdl "gmm-sum-accs - exp/tri3a/9.*.acc |" exp/tri3a/10.mdl 
# Started at Mon Nov 27 21:06:07 EST 2017
#
gmm-est --write-occs=exp/tri3a/10.occs --mix-up=8780 --power=0.25 exp/tri3a/9.mdl 'gmm-sum-accs - exp/tri3a/9.*.acc |' exp/tri3a/10.mdl 
gmm-sum-accs - exp/tri3a/9.1.acc 
LOG (gmm-sum-accs[5.3.1~1-39c8d]:main():gmm-sum-accs.cc:63) Summed 1 stats, total count 34969, avg like/frame -46.2848
LOG (gmm-sum-accs[5.3.1~1-39c8d]:main():gmm-sum-accs.cc:66) Total count of stats is 34969
LOG (gmm-sum-accs[5.3.1~1-39c8d]:main():gmm-sum-accs.cc:67) Written stats to -
LOG (gmm-est[5.3.1~1-39c8d]:MleUpdate():transition-model.cc:517) TransitionModel::Update, objf change is 0 per frame over 34969 frames. 
LOG (gmm-est[5.3.1~1-39c8d]:MleUpdate():transition-model.cc:520) 17 probabilities floored, 418 out of 550 transition-states skipped due to insuffient data (it is normal to have some skipped.)
LOG (gmm-est[5.3.1~1-39c8d]:main():gmm-est.cc:102) Transition model update: Overall 0 log-like improvement per frame over 34969 frames.
WARNING (gmm-est[5.3.1~1-39c8d]:MleDiagGmmUpdate():mle-diag-gmm.cc:359) Too little data - removing Gaussian (weight 0.008253, occupation count 9.425146, vector size 40)
WARNING (gmm-est[5.3.1~1-39c8d]:MleDiagGmmUpdate():mle-diag-gmm.cc:359) Too little data - removing Gaussian (weight 0.008464, occupation count 9.665505, vector size 40)
WARNING (gmm-est[5.3.1~1-39c8d]:MleDiagGmmUpdate():mle-diag-gmm.cc:359) Too little data - removing Gaussian (weight 0.008360, occupation count 9.546626, vector size 40)
WARNING (gmm-est[5.3.1~1-39c8d]:MleDiagGmmUpdate():mle-diag-gmm.cc:359) Too little data - removing Gaussian (weight 0.008405, occupation count 9.599001, vector size 40)
WARNING (gmm-est[5.3.1~1-39c8d]:MleDiagGmmUpdate():mle-diag-gmm.cc:365) Gaussian has too little data but not removing it because it is the last Gaussian: i = 0, occ = 0, weight = 1
WARNING (gmm-est[5.3.1~1-39c8d]:MleDiagGmmUpdate():mle-diag-gmm.cc:359) Too little data - removing Gaussian (weight 0.023119, occupation count 9.779386, vector size 40)
WARNING (gmm-est[5.3.1~1-39c8d]:MleDiagGmmUpdate():mle-diag-gmm.cc:359) Too little data - removing Gaussian (weight 0.006629, occupation count 9.446053, vector size 40)
WARNING (gmm-est[5.3.1~1-39c8d]:MleDiagGmmUpdate():mle-diag-gmm.cc:359) Too little data - removing Gaussian (weight 0.001038, occupation count 9.954244, vector size 40)
WARNING (gmm-est[5.3.1~1-39c8d]:MleDiagGmmUpdate():mle-diag-gmm.cc:359) Too little data - removing Gaussian (weight 0.000936, occupation count 8.977432, vector size 40)
WARNING (gmm-est[5.3.1~1-39c8d]:MleDiagGmmUpdate():mle-diag-gmm.cc:359) Too little data - removing Gaussian (weight 0.000882, occupation count 8.456186, vector size 40)
WARNING (gmm-est[5.3.1~1-39c8d]:MleDiagGmmUpdate():mle-diag-gmm.cc:359) Too little data - removing Gaussian (weight 0.001036, occupation count 9.931030, vector size 40)
WARNING (gmm-est[5.3.1~1-39c8d]:MleDiagGmmUpdate():mle-diag-gmm.cc:359) Too little data - removing Gaussian (weight 0.001019, occupation count 9.767026, vector size 40)
WARNING (gmm-est[5.3.1~1-39c8d]:MleDiagGmmUpdate():mle-diag-gmm.cc:359) Too little data - removing Gaussian (weight 0.000981, occupation count 9.405897, vector size 40)
WARNING (gmm-est[5.3.1~1-39c8d]:MleDiagGmmUpdate():mle-diag-gmm.cc:359) Too little data - removing Gaussian (weight 0.000862, occupation count 8.266787, vector size 40)
WARNING (gmm-est[5.3.1~1-39c8d]:MleDiagGmmUpdate():mle-diag-gmm.cc:359) Too little data - removing Gaussian (weight 0.001042, occupation count 9.994601, vector size 40)
WARNING (gmm-est[5.3.1~1-39c8d]:MleDiagGmmUpdate():mle-diag-gmm.cc:359) Too little data - removing Gaussian (weight 0.000994, occupation count 9.530485, vector size 40)
WARNING (gmm-est[5.3.1~1-39c8d]:MleDiagGmmUpdate():mle-diag-gmm.cc:359) Too little data - removing Gaussian (weight 0.000961, occupation count 9.216796, vector size 40)
WARNING (gmm-est[5.3.1~1-39c8d]:MleDiagGmmUpdate():mle-diag-gmm.cc:359) Too little data - removing Gaussian (weight 0.000998, occupation count 9.566576, vector size 40)
WARNING (gmm-est[5.3.1~1-39c8d]:MleDiagGmmUpdate():mle-diag-gmm.cc:359) Too little data - removing Gaussian (weight 0.000909, occupation count 8.713151, vector size 40)
WARNING (gmm-est[5.3.1~1-39c8d]:MleDiagGmmUpdate():mle-diag-gmm.cc:359) Too little data - removing Gaussian (weight 0.000893, occupation count 8.563645, vector size 40)
WARNING (gmm-est[5.3.1~1-39c8d]:MleDiagGmmUpdate():mle-diag-gmm.cc:359) Too little data - removing Gaussian (weight 0.000884, occupation count 8.474523, vector size 40)
WARNING (gmm-est[5.3.1~1-39c8d]:MleDiagGmmUpdate():mle-diag-gmm.cc:359) Too little data - removing Gaussian (weight 0.000976, occupation count 9.359810, vector size 40)
WARNING (gmm-est[5.3.1~1-39c8d]:MleDiagGmmUpdate():mle-diag-gmm.cc:359) Too little data - removing Gaussian (weight 0.000920, occupation count 8.823407, vector size 40)
WARNING (gmm-est[5.3.1~1-39c8d]:MleDiagGmmUpdate():mle-diag-gmm.cc:359) Too little data - removing Gaussian (weight 0.001025, occupation count 9.829624, vector size 40)
WARNING (gmm-est[5.3.1~1-39c8d]:MleDiagGmmUpdate():mle-diag-gmm.cc:359) Too little data - removing Gaussian (weight 0.001005, occupation count 9.633231, vector size 40)
WARNING (gmm-est[5.3.1~1-39c8d]:MleDiagGmmUpdate():mle-diag-gmm.cc:359) Too little data - removing Gaussian (weight 0.000816, occupation count 7.827829, vector size 40)
WARNING (gmm-est[5.3.1~1-39c8d]:MleDiagGmmUpdate():mle-diag-gmm.cc:359) Too little data - removing Gaussian (weight 0.000935, occupation count 8.961027, vector size 40)
WARNING (gmm-est[5.3.1~1-39c8d]:MleDiagGmmUpdate():mle-diag-gmm.cc:359) Too little data - removing Gaussian (weight 0.000960, occupation count 9.201272, vector size 40)
WARNING (gmm-est[5.3.1~1-39c8d]:MleDiagGmmUpdate():mle-diag-gmm.cc:359) Too little data - removing Gaussian (weight 0.001043, occupation count 9.996918, vector size 40)
WARNING (gmm-est[5.3.1~1-39c8d]:MleDiagGmmUpdate():mle-diag-gmm.cc:359) Too little data - removing Gaussian (weight 0.000954, occupation count 9.150324, vector size 40)
WARNING (gmm-est[5.3.1~1-39c8d]:MleDiagGmmUpdate():mle-diag-gmm.cc:359) Too little data - removing Gaussian (weight 0.000882, occupation count 8.452885, vector size 40)
WARNING (gmm-est[5.3.1~1-39c8d]:MleDiagGmmUpdate():mle-diag-gmm.cc:359) Too little data - removing Gaussian (weight 0.000957, occupation count 9.181434, vector size 40)
WARNING (gmm-est[5.3.1~1-39c8d]:MleDiagGmmUpdate():mle-diag-gmm.cc:359) Too little data - removing Gaussian (weight 0.000996, occupation count 9.551553, vector size 40)
WARNING (gmm-est[5.3.1~1-39c8d]:MleDiagGmmUpdate():mle-diag-gmm.cc:359) Too little data - removing Gaussian (weight 0.000857, occupation count 8.218684, vector size 40)
WARNING (gmm-est[5.3.1~1-39c8d]:MleDiagGmmUpdate():mle-diag-gmm.cc:359) Too little data - removing Gaussian (weight 0.000908, occupation count 8.707502, vector size 40)
WARNING (gmm-est[5.3.1~1-39c8d]:MleDiagGmmUpdate():mle-diag-gmm.cc:359) Too little data - removing Gaussian (weight 0.000907, occupation count 8.695875, vector size 40)
WARNING (gmm-est[5.3.1~1-39c8d]:MleDiagGmmUpdate():mle-diag-gmm.cc:359) Too little data - removing Gaussian (weight 0.001001, occupation count 9.595778, vector size 40)
WARNING (gmm-est[5.3.1~1-39c8d]:MleDiagGmmUpdate():mle-diag-gmm.cc:359) Too little data - removing Gaussian (weight 0.001035, occupation count 9.926733, vector size 40)
WARNING (gmm-est[5.3.1~1-39c8d]:MleDiagGmmUpdate():mle-diag-gmm.cc:359) Too little data - removing Gaussian (weight 0.000988, occupation count 9.477595, vector size 40)
WARNING (gmm-est[5.3.1~1-39c8d]:MleDiagGmmUpdate():mle-diag-gmm.cc:359) Too little data - removing Gaussian (weight 0.000974, occupation count 9.343448, vector size 40)
WARNING (gmm-est[5.3.1~1-39c8d]:MleDiagGmmUpdate():mle-diag-gmm.cc:359) Too little data - removing Gaussian (weight 0.000879, occupation count 8.424020, vector size 40)
WARNING (gmm-est[5.3.1~1-39c8d]:MleDiagGmmUpdate():mle-diag-gmm.cc:359) Too little data - removing Gaussian (weight 0.000869, occupation count 8.332739, vector size 40)
WARNING (gmm-est[5.3.1~1-39c8d]:MleDiagGmmUpdate():mle-diag-gmm.cc:359) Too little data - removing Gaussian (weight 0.000993, occupation count 9.519922, vector size 40)
WARNING (gmm-est[5.3.1~1-39c8d]:MleDiagGmmUpdate():mle-diag-gmm.cc:359) Too little data - removing Gaussian (weight 0.000953, occupation count 9.141277, vector size 40)
WARNING (gmm-est[5.3.1~1-39c8d]:MleDiagGmmUpdate():mle-diag-gmm.cc:359) Too little data - removing Gaussian (weight 0.000979, occupation count 9.390061, vector size 40)
WARNING (gmm-est[5.3.1~1-39c8d]:MleDiagGmmUpdate():mle-diag-gmm.cc:359) Too little data - removing Gaussian (weight 0.000964, occupation count 9.246428, vector size 40)
WARNING (gmm-est[5.3.1~1-39c8d]:MleDiagGmmUpdate():mle-diag-gmm.cc:359) Too little data - removing Gaussian (weight 0.000990, occupation count 9.492352, vector size 40)
WARNING (gmm-est[5.3.1~1-39c8d]:MleDiagGmmUpdate():mle-diag-gmm.cc:359) Too little data - removing Gaussian (weight 0.000857, occupation count 8.219384, vector size 40)
WARNING (gmm-est[5.3.1~1-39c8d]:MleDiagGmmUpdate():mle-diag-gmm.cc:359) Too little data - removing Gaussian (weight 0.001042, occupation count 9.996519, vector size 40)
WARNING (gmm-est[5.3.1~1-39c8d]:MleDiagGmmUpdate():mle-diag-gmm.cc:359) Too little data - removing Gaussian (weight 0.000952, occupation count 9.129382, vector size 40)
WARNING (gmm-est[5.3.1~1-39c8d]:MleDiagGmmUpdate():mle-diag-gmm.cc:359) Too little data - removing Gaussian (weight 0.000969, occupation count 9.292425, vector size 40)
WARNING (gmm-est[5.3.1~1-39c8d]:MleDiagGmmUpdate():mle-diag-gmm.cc:359) Too little data - removing Gaussian (weight 0.000854, occupation count 8.187394, vector size 40)
WARNING (gmm-est[5.3.1~1-39c8d]:MleDiagGmmUpdate():mle-diag-gmm.cc:359) Too little data - removing Gaussian (weight 0.000937, occupation count 8.987435, vector size 40)
WARNING (gmm-est[5.3.1~1-39c8d]:MleDiagGmmUpdate():mle-diag-gmm.cc:359) Too little data - removing Gaussian (weight 0.001033, occupation count 9.902447, vector size 40)
WARNING (gmm-est[5.3.1~1-39c8d]:MleDiagGmmUpdate():mle-diag-gmm.cc:359) Too little data - removing Gaussian (weight 0.000864, occupation count 8.281097, vector size 40)
WARNING (gmm-est[5.3.1~1-39c8d]:MleDiagGmmUpdate():mle-diag-gmm.cc:359) Too little data - removing Gaussian (weight 0.000974, occupation count 9.341393, vector size 40)
WARNING (gmm-est[5.3.1~1-39c8d]:MleDiagGmmUpdate():mle-diag-gmm.cc:359) Too little data - removing Gaussian (weight 0.001014, occupation count 9.723266, vector size 40)
WARNING (gmm-est[5.3.1~1-39c8d]:MleDiagGmmUpdate():mle-diag-gmm.cc:359) Too little data - removing Gaussian (weight 0.001037, occupation count 9.947314, vector size 40)
WARNING (gmm-est[5.3.1~1-39c8d]:MleDiagGmmUpdate():mle-diag-gmm.cc:359) Too little data - removing Gaussian (weight 0.001029, occupation count 9.863487, vector size 40)
WARNING (gmm-est[5.3.1~1-39c8d]:MleDiagGmmUpdate():mle-diag-gmm.cc:359) Too little data - removing Gaussian (weight 0.001001, occupation count 9.600772, vector size 40)
WARNING (gmm-est[5.3.1~1-39c8d]:MleDiagGmmUpdate():mle-diag-gmm.cc:359) Too little data - removing Gaussian (weight 0.000965, occupation count 9.251192, vector size 40)
WARNING (gmm-est[5.3.1~1-39c8d]:MleDiagGmmUpdate():mle-diag-gmm.cc:359) Too little data - removing Gaussian (weight 0.000878, occupation count 8.418105, vector size 40)
WARNING (gmm-est[5.3.1~1-39c8d]:MleDiagGmmUpdate():mle-diag-gmm.cc:359) Too little data - removing Gaussian (weight 0.000947, occupation count 9.078486, vector size 40)
WARNING (gmm-est[5.3.1~1-39c8d]:MleDiagGmmUpdate():mle-diag-gmm.cc:359) Too little data - removing Gaussian (weight 0.000916, occupation count 8.784710, vector size 40)
WARNING (gmm-est[5.3.1~1-39c8d]:MleDiagGmmUpdate():mle-diag-gmm.cc:359) Too little data - removing Gaussian (weight 0.001012, occupation count 9.703036, vector size 40)
WARNING (gmm-est[5.3.1~1-39c8d]:MleDiagGmmUpdate():mle-diag-gmm.cc:359) Too little data - removing Gaussian (weight 0.000953, occupation count 9.140983, vector size 40)
WARNING (gmm-est[5.3.1~1-39c8d]:MleDiagGmmUpdate():mle-diag-gmm.cc:359) Too little data - removing Gaussian (weight 0.001006, occupation count 9.651098, vector size 40)
WARNING (gmm-est[5.3.1~1-39c8d]:MleDiagGmmUpdate():mle-diag-gmm.cc:359) Too little data - removing Gaussian (weight 0.000983, occupation count 9.425668, vector size 40)
WARNING (gmm-est[5.3.1~1-39c8d]:MleDiagGmmUpdate():mle-diag-gmm.cc:359) Too little data - removing Gaussian (weight 0.000871, occupation count 8.348633, vector size 40)
WARNING (gmm-est[5.3.1~1-39c8d]:MleDiagGmmUpdate():mle-diag-gmm.cc:359) Too little data - removing Gaussian (weight 0.000911, occupation count 8.735018, vector size 40)
WARNING (gmm-est[5.3.1~1-39c8d]:MleDiagGmmUpdate():mle-diag-gmm.cc:359) Too little data - removing Gaussian (weight 0.001004, occupation count 9.631305, vector size 40)
WARNING (gmm-est[5.3.1~1-39c8d]:MleDiagGmmUpdate():mle-diag-gmm.cc:359) Too little data - removing Gaussian (weight 0.000930, occupation count 8.913823, vector size 40)
WARNING (gmm-est[5.3.1~1-39c8d]:MleDiagGmmUpdate():mle-diag-gmm.cc:359) Too little data - removing Gaussian (weight 0.001035, occupation count 9.926273, vector size 40)
WARNING (gmm-est[5.3.1~1-39c8d]:MleDiagGmmUpdate():mle-diag-gmm.cc:359) Too little data - removing Gaussian (weight 0.000873, occupation count 8.369841, vector size 40)
WARNING (gmm-est[5.3.1~1-39c8d]:MleDiagGmmUpdate():mle-diag-gmm.cc:359) Too little data - removing Gaussian (weight 0.000947, occupation count 9.081915, vector size 40)
WARNING (gmm-est[5.3.1~1-39c8d]:MleDiagGmmUpdate():mle-diag-gmm.cc:359) Too little data - removing Gaussian (weight 0.000987, occupation count 9.468706, vector size 40)
WARNING (gmm-est[5.3.1~1-39c8d]:MleDiagGmmUpdate():mle-diag-gmm.cc:359) Too little data - removing Gaussian (weight 0.000813, occupation count 7.794146, vector size 40)
WARNING (gmm-est[5.3.1~1-39c8d]:MleDiagGmmUpdate():mle-diag-gmm.cc:359) Too little data - removing Gaussian (weight 0.017053, occupation count 8.611562, vector size 40)
WARNING (gmm-est[5.3.1~1-39c8d]:MleDiagGmmUpdate():mle-diag-gmm.cc:359) Too little data - removing Gaussian (weight 0.024988, occupation count 9.570510, vector size 40)
WARNING (gmm-est[5.3.1~1-39c8d]:MleDiagGmmUpdate():mle-diag-gmm.cc:359) Too little data - removing Gaussian (weight 0.016322, occupation count 9.352777, vector size 40)
WARNING (gmm-est[5.3.1~1-39c8d]:MleDiagGmmUpdate():mle-diag-gmm.cc:359) Too little data - removing Gaussian (weight 0.016427, occupation count 9.412627, vector size 40)
WARNING (gmm-est[5.3.1~1-39c8d]:MleDiagGmmUpdate():mle-diag-gmm.cc:359) Too little data - removing Gaussian (weight 0.042518, occupation count 9.906775, vector size 40)
LOG (gmm-est[5.3.1~1-39c8d]:MleAmDiagGmmUpdate():mle-am-diag-gmm.cc:225) 0 variance elements floored in 0 Gaussians, out of 1619
LOG (gmm-est[5.3.1~1-39c8d]:MleAmDiagGmmUpdate():mle-am-diag-gmm.cc:229) Removed 81 Gaussians due to counts < --min-gaussian-occupancy=10 and --remove-low-count-gaussians=true
LOG (gmm-est[5.3.1~1-39c8d]:main():gmm-est.cc:113) GMM update: Overall 0.234028 objective function improvement per frame over 34969 frames
LOG (gmm-est[5.3.1~1-39c8d]:main():gmm-est.cc:116) GMM update: Overall avg like per frame = -46.2848 over 34969 frames.
WARNING (gmm-est[5.3.1~1-39c8d]:GetSplitTargets():model-common.cc:134) Could not split up to 8780 due to min-count = 20 (or no counts at all)
LOG (gmm-est[5.3.1~1-39c8d]:SplitByCount():am-diag-gmm.cc:116) Split 106 states with target = 8780, power = 0.25, perturb_factor = 0.01 and min_count = 20, split #Gauss from 1619 to 1700
LOG (gmm-est[5.3.1~1-39c8d]:main():gmm-est.cc:146) Written model to exp/tri3a/10.mdl
# Accounting: time=0 threads=1
# Ended (code 0) at Mon Nov 27 21:06:07 EST 2017, elapsed time 0 seconds
