# gmm-est --write-occs=exp/tri3a/5.occs --mix-up=5480 --power=0.25 exp/tri3a/4.mdl "gmm-sum-accs - exp/tri3a/4.*.acc |" exp/tri3a/5.mdl 
# Started at Mon Nov 27 21:05:59 EST 2017
#
gmm-est --write-occs=exp/tri3a/5.occs --mix-up=5480 --power=0.25 exp/tri3a/4.mdl 'gmm-sum-accs - exp/tri3a/4.*.acc |' exp/tri3a/5.mdl 
gmm-sum-accs - exp/tri3a/4.1.acc 
LOG (gmm-sum-accs[5.3.1~1-39c8d]:main():gmm-sum-accs.cc:63) Summed 1 stats, total count 34969, avg like/frame -50.8315
LOG (gmm-sum-accs[5.3.1~1-39c8d]:main():gmm-sum-accs.cc:66) Total count of stats is 34969
LOG (gmm-sum-accs[5.3.1~1-39c8d]:main():gmm-sum-accs.cc:67) Written stats to -
LOG (gmm-est[5.3.1~1-39c8d]:MleUpdate():transition-model.cc:517) TransitionModel::Update, objf change is 0 per frame over 34969 frames. 
LOG (gmm-est[5.3.1~1-39c8d]:MleUpdate():transition-model.cc:520) 17 probabilities floored, 418 out of 550 transition-states skipped due to insuffient data (it is normal to have some skipped.)
LOG (gmm-est[5.3.1~1-39c8d]:main():gmm-est.cc:102) Transition model update: Overall 0 log-like improvement per frame over 34969 frames.
WARNING (gmm-est[5.3.1~1-39c8d]:MleDiagGmmUpdate():mle-diag-gmm.cc:359) Too little data - removing Gaussian (weight 0.000831, occupation count 0.948578, vector size 40)
WARNING (gmm-est[5.3.1~1-39c8d]:MleDiagGmmUpdate():mle-diag-gmm.cc:359) Too little data - removing Gaussian (weight 0.003236, occupation count 3.695104, vector size 40)
WARNING (gmm-est[5.3.1~1-39c8d]:MleDiagGmmUpdate():mle-diag-gmm.cc:359) Too little data - removing Gaussian (weight 0.006701, occupation count 7.652278, vector size 40)
WARNING (gmm-est[5.3.1~1-39c8d]:MleDiagGmmUpdate():mle-diag-gmm.cc:359) Too little data - removing Gaussian (weight 0.000906, occupation count 1.035122, vector size 40)
WARNING (gmm-est[5.3.1~1-39c8d]:MleDiagGmmUpdate():mle-diag-gmm.cc:359) Too little data - removing Gaussian (weight 0.000056, occupation count 0.063711, vector size 40)
WARNING (gmm-est[5.3.1~1-39c8d]:MleDiagGmmUpdate():mle-diag-gmm.cc:359) Too little data - removing Gaussian (weight 0.000661, occupation count 0.754948, vector size 40)
WARNING (gmm-est[5.3.1~1-39c8d]:MleDiagGmmUpdate():mle-diag-gmm.cc:359) Too little data - removing Gaussian (weight 0.000009, occupation count 0.010794, vector size 40)
WARNING (gmm-est[5.3.1~1-39c8d]:MleDiagGmmUpdate():mle-diag-gmm.cc:359) Too little data - removing Gaussian (weight 0.001179, occupation count 1.346350, vector size 40)
WARNING (gmm-est[5.3.1~1-39c8d]:MleDiagGmmUpdate():mle-diag-gmm.cc:359) Too little data - removing Gaussian (weight 0.004945, occupation count 5.647034, vector size 40)
WARNING (gmm-est[5.3.1~1-39c8d]:MleDiagGmmUpdate():mle-diag-gmm.cc:359) Too little data - removing Gaussian (weight 0.006693, occupation count 7.643699, vector size 40)
WARNING (gmm-est[5.3.1~1-39c8d]:MleDiagGmmUpdate():mle-diag-gmm.cc:359) Too little data - removing Gaussian (weight 0.006272, occupation count 7.162522, vector size 40)
WARNING (gmm-est[5.3.1~1-39c8d]:MleDiagGmmUpdate():mle-diag-gmm.cc:359) Too little data - removing Gaussian (weight 0.006366, occupation count 7.270401, vector size 40)
WARNING (gmm-est[5.3.1~1-39c8d]:MleDiagGmmUpdate():mle-diag-gmm.cc:359) Too little data - removing Gaussian (weight 0.006588, occupation count 7.523724, vector size 40)
WARNING (gmm-est[5.3.1~1-39c8d]:MleDiagGmmUpdate():mle-diag-gmm.cc:359) Too little data - removing Gaussian (weight 0.000055, occupation count 0.062656, vector size 40)
WARNING (gmm-est[5.3.1~1-39c8d]:MleDiagGmmUpdate():mle-diag-gmm.cc:359) Too little data - removing Gaussian (weight 0.000638, occupation count 0.728909, vector size 40)
WARNING (gmm-est[5.3.1~1-39c8d]:MleDiagGmmUpdate():mle-diag-gmm.cc:359) Too little data - removing Gaussian (weight 0.001189, occupation count 1.357966, vector size 40)
WARNING (gmm-est[5.3.1~1-39c8d]:MleDiagGmmUpdate():mle-diag-gmm.cc:359) Too little data - removing Gaussian (weight 0.006676, occupation count 7.624424, vector size 40)
WARNING (gmm-est[5.3.1~1-39c8d]:MleDiagGmmUpdate():mle-diag-gmm.cc:359) Too little data - removing Gaussian (weight 0.006289, occupation count 7.182399, vector size 40)
WARNING (gmm-est[5.3.1~1-39c8d]:MleDiagGmmUpdate():mle-diag-gmm.cc:359) Too little data - removing Gaussian (weight 0.006489, occupation count 7.410002, vector size 40)
WARNING (gmm-est[5.3.1~1-39c8d]:MleDiagGmmUpdate():mle-diag-gmm.cc:359) Too little data - removing Gaussian (weight 0.006458, occupation count 7.374833, vector size 40)
WARNING (gmm-est[5.3.1~1-39c8d]:MleDiagGmmUpdate():mle-diag-gmm.cc:359) Too little data - removing Gaussian (weight 0.000058, occupation count 0.066084, vector size 40)
WARNING (gmm-est[5.3.1~1-39c8d]:MleDiagGmmUpdate():mle-diag-gmm.cc:359) Too little data - removing Gaussian (weight 0.000059, occupation count 0.067462, vector size 40)
WARNING (gmm-est[5.3.1~1-39c8d]:MleDiagGmmUpdate():mle-diag-gmm.cc:365) Gaussian has too little data but not removing it because it is the last Gaussian: i = 0, occ = 0, weight = 1
WARNING (gmm-est[5.3.1~1-39c8d]:MleDiagGmmUpdate():mle-diag-gmm.cc:359) Too little data - removing Gaussian (weight 0.083264, occupation count 8.992507, vector size 40)
WARNING (gmm-est[5.3.1~1-39c8d]:MleDiagGmmUpdate():mle-diag-gmm.cc:359) Too little data - removing Gaussian (weight 0.034564, occupation count 9.643414, vector size 40)
WARNING (gmm-est[5.3.1~1-39c8d]:MleDiagGmmUpdate():mle-diag-gmm.cc:359) Too little data - removing Gaussian (weight 0.022047, occupation count 7.716589, vector size 40)
WARNING (gmm-est[5.3.1~1-39c8d]:MleDiagGmmUpdate():mle-diag-gmm.cc:359) Too little data - removing Gaussian (weight 0.016551, occupation count 5.792786, vector size 40)
WARNING (gmm-est[5.3.1~1-39c8d]:MleDiagGmmUpdate():mle-diag-gmm.cc:359) Too little data - removing Gaussian (weight 0.018939, occupation count 6.628492, vector size 40)
WARNING (gmm-est[5.3.1~1-39c8d]:MleDiagGmmUpdate():mle-diag-gmm.cc:359) Too little data - removing Gaussian (weight 0.014139, occupation count 4.948585, vector size 40)
WARNING (gmm-est[5.3.1~1-39c8d]:MleDiagGmmUpdate():mle-diag-gmm.cc:359) Too little data - removing Gaussian (weight 0.002636, occupation count 3.755744, vector size 40)
WARNING (gmm-est[5.3.1~1-39c8d]:MleDiagGmmUpdate():mle-diag-gmm.cc:359) Too little data - removing Gaussian (weight 0.004726, occupation count 6.734339, vector size 40)
WARNING (gmm-est[5.3.1~1-39c8d]:MleDiagGmmUpdate():mle-diag-gmm.cc:359) Too little data - removing Gaussian (weight 0.004586, occupation count 6.535019, vector size 40)
WARNING (gmm-est[5.3.1~1-39c8d]:MleDiagGmmUpdate():mle-diag-gmm.cc:359) Too little data - removing Gaussian (weight 0.006814, occupation count 9.709452, vector size 40)
WARNING (gmm-est[5.3.1~1-39c8d]:MleDiagGmmUpdate():mle-diag-gmm.cc:359) Too little data - removing Gaussian (weight 0.006882, occupation count 9.806231, vector size 40)
WARNING (gmm-est[5.3.1~1-39c8d]:MleDiagGmmUpdate():mle-diag-gmm.cc:359) Too little data - removing Gaussian (weight 0.005619, occupation count 8.006730, vector size 40)
WARNING (gmm-est[5.3.1~1-39c8d]:MleDiagGmmUpdate():mle-diag-gmm.cc:359) Too little data - removing Gaussian (weight 0.004292, occupation count 6.116303, vector size 40)
WARNING (gmm-est[5.3.1~1-39c8d]:MleDiagGmmUpdate():mle-diag-gmm.cc:359) Too little data - removing Gaussian (weight 0.007999, occupation count 7.055092, vector size 40)
WARNING (gmm-est[5.3.1~1-39c8d]:MleDiagGmmUpdate():mle-diag-gmm.cc:359) Too little data - removing Gaussian (weight 0.007577, occupation count 6.683248, vector size 40)
WARNING (gmm-est[5.3.1~1-39c8d]:MleDiagGmmUpdate():mle-diag-gmm.cc:359) Too little data - removing Gaussian (weight 0.014486, occupation count 9.473711, vector size 40)
WARNING (gmm-est[5.3.1~1-39c8d]:MleDiagGmmUpdate():mle-diag-gmm.cc:359) Too little data - removing Gaussian (weight 0.013517, occupation count 8.839889, vector size 40)
WARNING (gmm-est[5.3.1~1-39c8d]:MleDiagGmmUpdate():mle-diag-gmm.cc:359) Too little data - removing Gaussian (weight 0.014448, occupation count 9.448773, vector size 40)
WARNING (gmm-est[5.3.1~1-39c8d]:MleDiagGmmUpdate():mle-diag-gmm.cc:359) Too little data - removing Gaussian (weight 0.014077, occupation count 9.206340, vector size 40)
WARNING (gmm-est[5.3.1~1-39c8d]:MleDiagGmmUpdate():mle-diag-gmm.cc:359) Too little data - removing Gaussian (weight 0.013238, occupation count 8.657514, vector size 40)
WARNING (gmm-est[5.3.1~1-39c8d]:MleDiagGmmUpdate():mle-diag-gmm.cc:359) Too little data - removing Gaussian (weight 0.031662, occupation count 5.635758, vector size 40)
WARNING (gmm-est[5.3.1~1-39c8d]:MleDiagGmmUpdate():mle-diag-gmm.cc:359) Too little data - removing Gaussian (weight 0.016651, occupation count 4.079410, vector size 40)
WARNING (gmm-est[5.3.1~1-39c8d]:MleDiagGmmUpdate():mle-diag-gmm.cc:359) Too little data - removing Gaussian (weight 0.034970, occupation count 8.567718, vector size 40)
WARNING (gmm-est[5.3.1~1-39c8d]:MleDiagGmmUpdate():mle-diag-gmm.cc:359) Too little data - removing Gaussian (weight 0.029723, occupation count 7.282086, vector size 40)
WARNING (gmm-est[5.3.1~1-39c8d]:MleDiagGmmUpdate():mle-diag-gmm.cc:359) Too little data - removing Gaussian (weight 0.019285, occupation count 4.724722, vector size 40)
WARNING (gmm-est[5.3.1~1-39c8d]:MleDiagGmmUpdate():mle-diag-gmm.cc:359) Too little data - removing Gaussian (weight 0.025789, occupation count 7.736752, vector size 40)
WARNING (gmm-est[5.3.1~1-39c8d]:MleDiagGmmUpdate():mle-diag-gmm.cc:359) Too little data - removing Gaussian (weight 0.027421, occupation count 8.226247, vector size 40)
WARNING (gmm-est[5.3.1~1-39c8d]:MleDiagGmmUpdate():mle-diag-gmm.cc:359) Too little data - removing Gaussian (weight 0.025881, occupation count 7.764322, vector size 40)
WARNING (gmm-est[5.3.1~1-39c8d]:MleDiagGmmUpdate():mle-diag-gmm.cc:359) Too little data - removing Gaussian (weight 0.044636, occupation count 8.168318, vector size 40)
WARNING (gmm-est[5.3.1~1-39c8d]:MleDiagGmmUpdate():mle-diag-gmm.cc:359) Too little data - removing Gaussian (weight 0.049121, occupation count 8.989074, vector size 40)
WARNING (gmm-est[5.3.1~1-39c8d]:MleDiagGmmUpdate():mle-diag-gmm.cc:359) Too little data - removing Gaussian (weight 0.073996, occupation count 9.693456, vector size 40)
WARNING (gmm-est[5.3.1~1-39c8d]:MleDiagGmmUpdate():mle-diag-gmm.cc:359) Too little data - removing Gaussian (weight 0.039148, occupation count 8.221063, vector size 40)
WARNING (gmm-est[5.3.1~1-39c8d]:MleDiagGmmUpdate():mle-diag-gmm.cc:359) Too little data - removing Gaussian (weight 0.035126, occupation count 7.552041, vector size 40)
WARNING (gmm-est[5.3.1~1-39c8d]:MleDiagGmmUpdate():mle-diag-gmm.cc:359) Too little data - removing Gaussian (weight 0.039037, occupation count 8.392931, vector size 40)
WARNING (gmm-est[5.3.1~1-39c8d]:MleDiagGmmUpdate():mle-diag-gmm.cc:359) Too little data - removing Gaussian (weight 0.037109, occupation count 6.085907, vector size 40)
WARNING (gmm-est[5.3.1~1-39c8d]:MleDiagGmmUpdate():mle-diag-gmm.cc:359) Too little data - removing Gaussian (weight 0.043815, occupation count 7.185690, vector size 40)
WARNING (gmm-est[5.3.1~1-39c8d]:MleDiagGmmUpdate():mle-diag-gmm.cc:359) Too little data - removing Gaussian (weight 0.037021, occupation count 9.810481, vector size 40)
WARNING (gmm-est[5.3.1~1-39c8d]:MleDiagGmmUpdate():mle-diag-gmm.cc:359) Too little data - removing Gaussian (weight 0.033079, occupation count 8.766045, vector size 40)
WARNING (gmm-est[5.3.1~1-39c8d]:MleDiagGmmUpdate():mle-diag-gmm.cc:359) Too little data - removing Gaussian (weight 0.035377, occupation count 9.375005, vector size 40)
WARNING (gmm-est[5.3.1~1-39c8d]:MleDiagGmmUpdate():mle-diag-gmm.cc:359) Too little data - removing Gaussian (weight 0.077809, occupation count 8.481206, vector size 40)
WARNING (gmm-est[5.3.1~1-39c8d]:MleDiagGmmUpdate():mle-diag-gmm.cc:359) Too little data - removing Gaussian (weight 0.050004, occupation count 9.550831, vector size 40)
WARNING (gmm-est[5.3.1~1-39c8d]:MleDiagGmmUpdate():mle-diag-gmm.cc:359) Too little data - removing Gaussian (weight 0.047870, occupation count 9.813394, vector size 40)
WARNING (gmm-est[5.3.1~1-39c8d]:MleDiagGmmUpdate():mle-diag-gmm.cc:359) Too little data - removing Gaussian (weight 0.043566, occupation count 8.931087, vector size 40)
WARNING (gmm-est[5.3.1~1-39c8d]:MleDiagGmmUpdate():mle-diag-gmm.cc:359) Too little data - removing Gaussian (weight 0.043842, occupation count 8.987591, vector size 40)
WARNING (gmm-est[5.3.1~1-39c8d]:MleDiagGmmUpdate():mle-diag-gmm.cc:359) Too little data - removing Gaussian (weight 0.015237, occupation count 9.873341, vector size 40)
WARNING (gmm-est[5.3.1~1-39c8d]:MleDiagGmmUpdate():mle-diag-gmm.cc:359) Too little data - removing Gaussian (weight 0.027603, occupation count 8.115237, vector size 40)
WARNING (gmm-est[5.3.1~1-39c8d]:MleDiagGmmUpdate():mle-diag-gmm.cc:359) Too little data - removing Gaussian (weight 0.032288, occupation count 9.492685, vector size 40)
WARNING (gmm-est[5.3.1~1-39c8d]:MleDiagGmmUpdate():mle-diag-gmm.cc:359) Too little data - removing Gaussian (weight 0.030845, occupation count 9.068295, vector size 40)
WARNING (gmm-est[5.3.1~1-39c8d]:MleDiagGmmUpdate():mle-diag-gmm.cc:359) Too little data - removing Gaussian (weight 0.035607, occupation count 9.934299, vector size 40)
WARNING (gmm-est[5.3.1~1-39c8d]:MleDiagGmmUpdate():mle-diag-gmm.cc:359) Too little data - removing Gaussian (weight 0.032497, occupation count 9.066746, vector size 40)
WARNING (gmm-est[5.3.1~1-39c8d]:MleDiagGmmUpdate():mle-diag-gmm.cc:359) Too little data - removing Gaussian (weight 0.022970, occupation count 8.797516, vector size 40)
WARNING (gmm-est[5.3.1~1-39c8d]:MleDiagGmmUpdate():mle-diag-gmm.cc:359) Too little data - removing Gaussian (weight 0.025058, occupation count 9.597404, vector size 40)
WARNING (gmm-est[5.3.1~1-39c8d]:MleDiagGmmUpdate():mle-diag-gmm.cc:359) Too little data - removing Gaussian (weight 0.009359, occupation count 7.720984, vector size 40)
WARNING (gmm-est[5.3.1~1-39c8d]:MleDiagGmmUpdate():mle-diag-gmm.cc:359) Too little data - removing Gaussian (weight 0.011458, occupation count 9.452815, vector size 40)
WARNING (gmm-est[5.3.1~1-39c8d]:MleDiagGmmUpdate():mle-diag-gmm.cc:359) Too little data - removing Gaussian (weight 0.057149, occupation count 9.486695, vector size 40)
WARNING (gmm-est[5.3.1~1-39c8d]:MleDiagGmmUpdate():mle-diag-gmm.cc:359) Too little data - removing Gaussian (weight 0.059902, occupation count 9.943695, vector size 40)
WARNING (gmm-est[5.3.1~1-39c8d]:MleDiagGmmUpdate():mle-diag-gmm.cc:359) Too little data - removing Gaussian (weight 0.039631, occupation count 9.035842, vector size 40)
WARNING (gmm-est[5.3.1~1-39c8d]:MleDiagGmmUpdate():mle-diag-gmm.cc:359) Too little data - removing Gaussian (weight 0.044552, occupation count 9.801505, vector size 40)
WARNING (gmm-est[5.3.1~1-39c8d]:MleDiagGmmUpdate():mle-diag-gmm.cc:359) Too little data - removing Gaussian (weight 0.031974, occupation count 7.034326, vector size 40)
WARNING (gmm-est[5.3.1~1-39c8d]:MleDiagGmmUpdate():mle-diag-gmm.cc:359) Too little data - removing Gaussian (weight 0.038161, occupation count 9.616476, vector size 40)
WARNING (gmm-est[5.3.1~1-39c8d]:MleDiagGmmUpdate():mle-diag-gmm.cc:359) Too little data - removing Gaussian (weight 0.016185, occupation count 9.548908, vector size 40)
WARNING (gmm-est[5.3.1~1-39c8d]:MleDiagGmmUpdate():mle-diag-gmm.cc:359) Too little data - removing Gaussian (weight 0.015540, occupation count 9.168859, vector size 40)
WARNING (gmm-est[5.3.1~1-39c8d]:MleDiagGmmUpdate():mle-diag-gmm.cc:359) Too little data - removing Gaussian (weight 0.015316, occupation count 9.036679, vector size 40)
WARNING (gmm-est[5.3.1~1-39c8d]:MleDiagGmmUpdate():mle-diag-gmm.cc:359) Too little data - removing Gaussian (weight 0.066607, occupation count 7.260118, vector size 40)
WARNING (gmm-est[5.3.1~1-39c8d]:MleDiagGmmUpdate():mle-diag-gmm.cc:359) Too little data - removing Gaussian (weight 0.026835, occupation count 6.252481, vector size 40)
WARNING (gmm-est[5.3.1~1-39c8d]:MleDiagGmmUpdate():mle-diag-gmm.cc:359) Too little data - removing Gaussian (weight 0.041984, occupation count 9.782181, vector size 40)
WARNING (gmm-est[5.3.1~1-39c8d]:MleDiagGmmUpdate():mle-diag-gmm.cc:359) Too little data - removing Gaussian (weight 0.039227, occupation count 9.139959, vector size 40)
WARNING (gmm-est[5.3.1~1-39c8d]:MleDiagGmmUpdate():mle-diag-gmm.cc:359) Too little data - removing Gaussian (weight 0.042379, occupation count 9.874246, vector size 40)
WARNING (gmm-est[5.3.1~1-39c8d]:MleDiagGmmUpdate():mle-diag-gmm.cc:359) Too little data - removing Gaussian (weight 0.035148, occupation count 8.013657, vector size 40)
WARNING (gmm-est[5.3.1~1-39c8d]:MleDiagGmmUpdate():mle-diag-gmm.cc:359) Too little data - removing Gaussian (weight 0.040191, occupation count 9.163652, vector size 40)
LOG (gmm-est[5.3.1~1-39c8d]:MleAmDiagGmmUpdate():mle-am-diag-gmm.cc:225) 0 variance elements floored in 0 Gaussians, out of 1608
LOG (gmm-est[5.3.1~1-39c8d]:MleAmDiagGmmUpdate():mle-am-diag-gmm.cc:229) Removed 92 Gaussians due to counts < --min-gaussian-occupancy=10 and --remove-low-count-gaussians=true
LOG (gmm-est[5.3.1~1-39c8d]:main():gmm-est.cc:113) GMM update: Overall 1.23991 objective function improvement per frame over 34969 frames
LOG (gmm-est[5.3.1~1-39c8d]:main():gmm-est.cc:116) GMM update: Overall avg like per frame = -50.8315 over 34969 frames.
WARNING (gmm-est[5.3.1~1-39c8d]:GetSplitTargets():model-common.cc:134) Could not split up to 5480 due to min-count = 20 (or no counts at all)
LOG (gmm-est[5.3.1~1-39c8d]:SplitByCount():am-diag-gmm.cc:116) Split 106 states with target = 5480, power = 0.25, perturb_factor = 0.01 and min_count = 20, split #Gauss from 1608 to 1700
LOG (gmm-est[5.3.1~1-39c8d]:main():gmm-est.cc:146) Written model to exp/tri3a/5.mdl
# Accounting: time=0 threads=1
# Ended (code 0) at Mon Nov 27 21:05:59 EST 2017, elapsed time 0 seconds
